【登录信息】
*31ac18bfe256cc8fca8f83c12c2ca5bd*
`登陆天数: 39天 / 676天
等级: 130
石头: 4098
呼符: 238
体力: 23.89333333333333 / 138
友情点: 0 / 354880`
_2024-07-01 04:00:36_
--------
*e4265a4095a5863d590c4bb002c3b0f2*
`登陆天数: 39天 / 677天
等级: 130
石头: 4107
呼符: 44
体力: 23.86 / 138
友情点: 0 / 392430`
_2024-07-01 04:00:43_
--------
*c5099ce696cf7d31ce07216e4225b8b9*
`登陆天数: 39天 / 676天
等级: 130
石头: 4099
呼符: 334
体力: 23.83333333333333 / 138
友情点: 0 / 356155`
_2024-07-01 04:00:51_
--------
*0a2d4bd16a590a5f73bd6b95324f2853*
`登陆天数: 39天 / 676天
等级: 130
石头: 4092
呼符: 323
体力: 23.806666666666672 / 138
友情点: 0 / 359210`
_2024-07-01 04:00:59_
--------
*fec781dbff077368b5f3ecac372a969f*
`登陆天数: 39天 / 676天
等级: 130
石头: 4103
呼符: 288
体力: 23.77666666666667 / 138
友情点: 0 / 357960`
_2024-07-01 04:01:07_
--------
*cd2436e1f44a3cfe90db81460559f215*
`登陆天数: 39天 / 676天
等级: 130
石头: 4070
呼符: 222
体力: 23.75 / 138
友情点: 0 / 365110`
_2024-07-01 04:01:14_
--------
*d85bea5f2f8ea30fd0fa5a2d469c7615*
`登陆天数: 39天 / 676天
等级: 130
石头: 4108
呼符: 298
体力: 23.72 / 138
友情点: 0 / 355405`
_2024-07-01 04:01:22_
--------
*2bd899b5aa4538f5b8d1b4e14844171f*
`登陆天数: 39天 / 677天
等级: 130
石头: 4111
呼符: 219
体力: 23.686666666666667 / 138
友情点: 0 / 359075`
_2024-07-01 04:01:30_
--------
*8afa1b3c712ffad08d577e3d71ae0cf2*
`登陆天数: 39天 / 676天
等级: 130
石头: 4095
呼符: 166
体力: 23.659999999999997 / 138
友情点: 0 / 371440`
_2024-07-01 04:01:38_
--------
*3e56c92c0f4ca08a5a9dbd5c0912c124*
`登陆天数: 39天 / 676天
等级: 130
石头: 4088
呼符: 139
体力: 23.629999999999995 / 138
友情点: 0 / 360940`
_2024-07-01 04:01:45_
--------
*d273a3cfe1a88455a3867bdd6c5411a9*
`登陆天数: 39天 / 676天
等级: 130
石头: 4106
呼符: 327
体力: 23.60333333333334 / 138
友情点: 0 / 354575`
_2024-07-01 04:01:53_
--------
*e272a18248509eefcd1580a457042733*
`登陆天数: 39天 / 676天
等级: 130
石头: 4113
呼符: 179
体力: 23.569999999999993 / 138
友情点: 0 / 378035`
_2024-07-01 04:02:01_
--------
*c0b65391642eec0fc9990770e270f1f0*
`登陆天数: 39天 / 677天
等级: 130
石头: 4109
呼符: 256
体力: 23.543333333333337 / 138
友情点: 0 / 363655`
_2024-07-01 04:02:09_
--------
*d350ee0a9f1916eecd03edce2685e4b0*
`登陆天数: 39天 / 677天
等级: 130
石头: 4097
呼符: 279
体力: 23.513333333333335 / 138
友情点: 0 / 354670`
_2024-07-01 04:02:16_
--------
*081e422d5f03c7c6f998c01d5e343c36*
`登陆天数: 39天 / 676天
等级: 130
石头: 4096
呼符: 331
体力: 23.483333333333334 / 138
友情点: 0 / 354280`
_2024-07-01 04:02:24_
--------
*ecc5cdc190238dbea1e5321fd17aaee1*
`登陆天数: 39天 / 676天
等级: 130
石头: 4117
呼符: 249
体力: 23.453333333333333 / 138
友情点: 0 / 364045`
_2024-07-01 04:02:32_
--------
*80c8573c615717cd7753380e6282d13a*
`登陆天数: 39天 / 677天
等级: 130
石头: 4116
呼符: 331
体力: 23.423333333333332 / 138
友情点: 0 / 355945`
_2024-07-01 04:02:40_
--------
*77d0601d0248e0cfbe15512b825965ae*
`登陆天数: 39天 / 677天
等级: 130
石头: 4104
呼符: 326
体力: 23.39333333333333 / 138
友情点: 0 / 354845`
_2024-07-01 04:02:48_
--------
*eead8870a8d68b26662d3bfe418e75b2*
`登陆天数: 39天 / 676天
等级: 130
石头: 4098
呼符: 324
体力: 23.36333333333333 / 138
友情点: 0 / 355155`
_2024-07-01 04:02:56_
--------
*3dc0a20b713ecaaa4d1dfdc5c71f3dc8*
`登陆天数: 39天 / 676天
等级: 130
石头: 4110
呼符: 226
体力: 23.33333333333333 / 138
友情点: 0 / 365265`
_2024-07-01 04:03:03_
--------
*3a33ee4f4a8f0d48a36c0c023d9f3a2c*
`登陆天数: 39天 / 676天
等级: 130
石头: 4108
呼符: 318
体力: 23.303333333333327 / 138
友情点: 0 / 362220`
_2024-07-01 04:03:11_
--------
*dc2eb86246737b9ce989350484834207*
`登陆天数: 39天 / 676天
等级: 130
石头: 4106
呼符: 310
体力: 23.273333333333326 / 138
友情点: 0 / 356265`
_2024-07-01 04:03:19_
--------
*040a98d92aa6cb1f5d8c23f9ba8e7a03*
`登陆天数: 39天 / 677天
等级: 130
石头: 4114
呼符: 259
体力: 23.24666666666667 / 138
友情点: 0 / 365895`
_2024-07-01 04:03:27_
--------
*902f3fb38355282eec4fb79373d7faff*
`登陆天数: 39天 / 676天
等级: 130
石头: 4109
呼符: 339
体力: 23.21666666666667 / 138
友情点: 0 / 356070`
_2024-07-01 04:03:35_
--------
*87f6d6ae6aba3c3ccc8ba9dc4816c6f9*
`登陆天数: 39天 / 677天
等级: 130
石头: 4105
呼符: 293
体力: 23.186666666666667 / 138
友情点: 0 / 357355`
_2024-07-01 04:03:43_
--------
*e9fb649878ae8dc17a58a82ea989f0aa*
`登陆天数: 39天 / 676天
等级: 130
石头: 4086
呼符: 255
体力: 23.156666666666666 / 138
友情点: 0 / 358670`
_2024-07-01 04:03:50_
--------
*2c602a9b95859be7a0437ab5f4a27466*
`登陆天数: 39天 / 677天
等级: 130
石头: 4112
呼符: 243
体力: 23.126666666666665 / 138
友情点: 0 / 362190`
_2024-07-01 04:03:58_
--------
*02b9a6fe417b5d148bf481e9cfd6ebde*
`登陆天数: 39天 / 676天
等级: 130
石头: 4097
呼符: 264
体力: 23.096666666666664 / 138
友情点: 0 / 370125`
_2024-07-01 04:04:05_
--------
*b77d30f23261ef806f674c45166f7c2a*
`登陆天数: 39天 / 676天
等级: 130
石头: 4101
呼符: 285
体力: 23.069999999999993 / 138
友情点: 0 / 361810`
_2024-07-01 04:04:13_
--------
*d880582cd1dea11e86bd931426917a24*
`登陆天数: 39天 / 676天
等级: 130
石头: 4104
呼符: 296
体力: 23.043333333333337 / 138
友情点: 0 / 356280`
_2024-07-01 04:04:21_
--------
*317c92bc9dbb488a38d66a283bb00299*
`登陆天数: 39天 / 676天
等级: 130
石头: 4074
呼符: 94
体力: 23.013333333333335 / 138
友情点: 0 / 372285`
_2024-07-01 04:04:29_
--------
*f8fd16ffaa28b7a2f282e21b1bc9f08f*
`登陆天数: 39天 / 677天
等级: 130
石头: 4114
呼符: 335
体力: 22.986666666666665 / 138
友情点: 0 / 356185`
_2024-07-01 04:04:37_
--------
*abe8704055c898e1800b9cbd26cfbca9*
`登陆天数: 39天 / 677天
等级: 130
石头: 4110
呼符: 317
体力: 22.956666666666663 / 138
友情点: 0 / 358115`
_2024-07-01 04:04:45_
--------
*f887e626b3abf484eaaaa076095f80ce*
`登陆天数: 39天 / 677天
等级: 130
石头: 4110
呼符: 154
体力: 22.923333333333332 / 138
友情点: 0 / 383365`
_2024-07-01 04:04:53_
--------
*cdbdeccfd01bed477123077ddc12f8f2*
`登陆天数: 39天 / 677天
等级: 130
石头: 4072
呼符: 324
体力: 22.89666666666666 / 138
友情点: 0 / 357410`
_2024-07-01 04:05:01_
--------
*9245714ae863fbe82cb107532b27f768*
`登陆天数: 39天 / 677天
等级: 130
石头: 4100
呼符: 44
体力: 22.86333333333333 / 138
友情点: 0 / 391085`
_2024-07-01 04:05:08_
--------
*beee1d42aa302d906222634efb9e84be*
`登陆天数: 39天 / 676天
等级: 130
石头: 4093
呼符: 62
体力: 22.836666666666673 / 138
友情点: 0 / 391960`
_2024-07-01 04:05:16_
--------
*642e6979c8c0c9f6e5536b5b87480a82*
`登陆天数: 39天 / 676天
等级: 130
石头: 4118
呼符: 334
体力: 22.803333333333327 / 138
友情点: 0 / 357615`
_2024-07-01 04:05:24_
--------
*6a8c03f6928c237c298152cc70fb1350*
`登陆天数: 39天 / 676天
等级: 130
石头: 4108
呼符: 313
体力: 22.773333333333326 / 138
友情点: 0 / 360760`
_2024-07-01 04:05:31_
--------
*22c1ea96d8d5b434a0b2240789fa25e6*
`登陆天数: 39天 / 676天
等级: 130
石头: 4120
呼符: 43
体力: 22.74666666666667 / 138
友情点: 0 / 388205`
_2024-07-01 04:05:39_
--------
*dc7f25cf37a3fa7d7267dd3c9609c933*
`登陆天数: 39天 / 677天
等级: 130
石头: 4106
呼符: 334
体力: 22.71333333333334 / 138
友情点: 0 / 360060`
_2024-07-01 04:05:47_
--------
*8482c7bf215281a6c01672e5819f2bbd*
`登陆天数: 39天 / 676天
等级: 130
石头: 4107
呼符: 210
体力: 22.683333333333337 / 138
友情点: 0 / 372210`
_2024-07-01 04:05:55_
--------
*8708e662a3a9bd9c776bbba7323536ad*
`登陆天数: 39天 / 677天
等级: 130
石头: 4114
呼符: 281
体力: 22.653333333333336 / 138
友情点: 0 / 364770`
_2024-07-01 04:06:03_
--------
*cf7d89915610bcd7b37ca28ab638314c*
`登陆天数: 39天 / 676天
等级: 130
石头: 4107
呼符: 214
体力: 22.626666666666665 / 138
友情点: 0 / 369075`
_2024-07-01 04:06:10_
--------
*243eb74e763a406f44558ef21d614408*
`登陆天数: 39天 / 677天
等级: 130
石头: 4142
呼符: 316
体力: 22.596666666666664 / 138
友情点: 0 / 356410`
_2024-07-01 04:06:18_
--------
*87d09c5cde6848cfc7b1a06b657d6fdb*
`登陆天数: 39天 / 677天
等级: 130
石头: 4098
呼符: 338
体力: 22.566666666666663 / 138
友情点: 0 / 356145`
_2024-07-01 04:06:26_
--------
*e9f795a47687fbd8c7e77bbda427e736*
`登陆天数: 39天 / 676天
等级: 130
石头: 4104
呼符: 160
体力: 22.53666666666666 / 138
友情点: 0 / 379170`
_2024-07-01 04:06:33_
--------
*b5664ff41e27985c0b63aa7c87ea21c7*
`登陆天数: 39天 / 677天
等级: 130
石头: 4097
呼符: 102
体力: 22.50666666666666 / 138
友情点: 0 / 373895`
_2024-07-01 04:06:41_
--------
*3da2eb4f55a8ae481d18547b498596e4*
`登陆天数: 39天 / 676天
等级: 130
石头: 4019
呼符: 194
体力: 23087.623333333333 / 138
友情点: 0 / 469105`
_2024-07-01 04:06:49_
--------
*0eee4f8037ad23499fdd97ea5cfa24c1*
`登陆天数: 3天 / 676天
等级: 130
石头: 4004
呼符: 308
体力: 23087.646666666667 / 138
友情点: 0 / 466705`
*連続ログイン3日目
※ログインが途切れるか、7日到達すると
1日目から再開されます*
`叡智の業火 X 1
7月交換券(2024) X 1
`*踊るドラゴン・キャッスル！ ～深海の姫君とふたつの宝玉～ 開幕記念 ログインボーナス*
*開催期間中、1日1回 最大21回 ログインボーナスをプレゼント！*
`白銀の果実 X 1
`_2024-07-01 04:06:56_
--------
