【登录信息】
*31ac18bfe256cc8fca8f83c12c2ca5bd*
`登陆天数: 20天 / 657天
等级: 130
石头: 4061
呼符: 228
体力: 29.96666666666667 / 138
友情点: 0 / 462880`
_2024-06-12 04:30:15_
--------
*e4265a4095a5863d590c4bb002c3b0f2*
`登陆天数: 20天 / 658天
等级: 130
石头: 4070
呼符: 34
体力: 29.939999999999998 / 138
友情点: 0 / 462430`
_2024-06-12 04:30:23_
--------
*c5099ce696cf7d31ce07216e4225b8b9*
`登陆天数: 20天 / 657天
等级: 130
石头: 4062
呼符: 324
体力: 29.913333333333327 / 138
友情点: 0 / 462155`
_2024-06-12 04:30:31_
--------
*0a2d4bd16a590a5f73bd6b95324f2853*
`登陆天数: 20天 / 657天
等级: 130
石头: 4055
呼符: 313
体力: 29.88333333333334 / 138
友情点: 0 / 463210`
_2024-06-12 04:30:38_
--------
*fec781dbff077368b5f3ecac372a969f*
`登陆天数: 20天 / 657天
等级: 130
石头: 4066
呼符: 278
体力: 29.85333333333334 / 138
友情点: 0 / 461960`
_2024-06-12 04:30:46_
--------
*cd2436e1f44a3cfe90db81460559f215*
`登陆天数: 20天 / 657天
等级: 130
石头: 4033
呼符: 212
体力: 29.823333333333338 / 138
友情点: 0 / 463110`
_2024-06-12 04:30:54_
--------
*d85bea5f2f8ea30fd0fa5a2d469c7615*
`登陆天数: 20天 / 657天
等级: 130
石头: 4071
呼符: 288
体力: 29.793333333333337 / 138
友情点: 0 / 463405`
_2024-06-12 04:31:02_
--------
*2bd899b5aa4538f5b8d1b4e14844171f*
`登陆天数: 20天 / 658天
等级: 130
石头: 4074
呼符: 209
体力: 29.763333333333335 / 138
友情点: 0 / 463075`
_2024-06-12 04:31:10_
--------
*8afa1b3c712ffad08d577e3d71ae0cf2*
`登陆天数: 20天 / 657天
等级: 130
石头: 4058
呼符: 156
体力: 29.736666666666665 / 138
友情点: 0 / 463440`
_2024-06-12 04:31:18_
--------
*3e56c92c0f4ca08a5a9dbd5c0912c124*
`登陆天数: 20天 / 657天
等级: 130
石头: 4051
呼符: 129
体力: 29.709999999999994 / 138
友情点: 0 / 462940`
_2024-06-12 04:31:26_
--------
*d273a3cfe1a88455a3867bdd6c5411a9*
`登陆天数: 20天 / 657天
等级: 130
石头: 4069
呼符: 317
体力: 29.683333333333337 / 138
友情点: 0 / 462575`
_2024-06-12 04:31:33_
--------
*e272a18248509eefcd1580a457042733*
`登陆天数: 20天 / 657天
等级: 130
石头: 4076
呼符: 169
体力: 29.653333333333336 / 138
友情点: 0 / 464035`
_2024-06-12 04:31:41_
--------
*c0b65391642eec0fc9990770e270f1f0*
`登陆天数: 20天 / 658天
等级: 130
石头: 4072
呼符: 246
体力: 29.61666666666666 / 138
友情点: 0 / 461655`
_2024-06-12 04:31:49_
--------
*d350ee0a9f1916eecd03edce2685e4b0*
`登陆天数: 20天 / 658天
等级: 130
石头: 4060
呼符: 269
体力: 29.590000000000003 / 138
友情点: 0 / 462670`
_2024-06-12 04:31:57_
--------
*081e422d5f03c7c6f998c01d5e343c36*
`登陆天数: 20天 / 657天
等级: 130
石头: 4059
呼符: 321
体力: 29.556666666666672 / 138
友情点: 0 / 462280`
_2024-06-12 04:32:04_
--------
*ecc5cdc190238dbea1e5321fd17aaee1*
`登陆天数: 20天 / 657天
等级: 130
石头: 4080
呼符: 239
体力: 29.52666666666667 / 138
友情点: 0 / 464045`
_2024-06-12 04:32:12_
--------
*80c8573c615717cd7753380e6282d13a*
`登陆天数: 20天 / 658天
等级: 130
石头: 4079
呼符: 321
体力: 29.49666666666667 / 138
友情点: 0 / 461945`
_2024-06-12 04:32:19_
--------
*77d0601d0248e0cfbe15512b825965ae*
`登陆天数: 20天 / 658天
等级: 130
石头: 4067
呼符: 316
体力: 29.46666666666667 / 138
友情点: 0 / 462845`
_2024-06-12 04:32:27_
--------
*eead8870a8d68b26662d3bfe418e75b2*
`登陆天数: 20天 / 657天
等级: 130
石头: 4061
呼符: 314
体力: 29.433333333333337 / 138
友情点: 0 / 463155`
_2024-06-12 04:32:35_
--------
*3dc0a20b713ecaaa4d1dfdc5c71f3dc8*
`登陆天数: 20天 / 657天
等级: 130
石头: 4073
呼符: 216
体力: 29.406666666666666 / 138
友情点: 0 / 463265`
_2024-06-12 04:32:43_
--------
*3a33ee4f4a8f0d48a36c0c023d9f3a2c*
`登陆天数: 20天 / 657天
等级: 130
石头: 4071
呼符: 308
体力: 29.379999999999995 / 138
友情点: 0 / 462220`
_2024-06-12 04:32:50_
--------
*dc2eb86246737b9ce989350484834207*
`登陆天数: 20天 / 657天
等级: 130
石头: 4069
呼符: 300
体力: 29.35333333333334 / 138
友情点: 0 / 462265`
_2024-06-12 04:32:58_
--------
*040a98d92aa6cb1f5d8c23f9ba8e7a03*
`登陆天数: 20天 / 658天
等级: 130
石头: 4077
呼符: 249
体力: 29.326666666666668 / 138
友情点: 0 / 461895`
_2024-06-12 04:33:06_
--------
*902f3fb38355282eec4fb79373d7faff*
`登陆天数: 20天 / 657天
等级: 130
石头: 4072
呼符: 329
体力: 29.296666666666667 / 138
友情点: 0 / 464070`
_2024-06-12 04:33:13_
--------
*87f6d6ae6aba3c3ccc8ba9dc4816c6f9*
`登陆天数: 20天 / 658天
等级: 130
石头: 4068
呼符: 283
体力: 29.269999999999996 / 138
友情点: 0 / 465355`
_2024-06-12 04:33:22_
--------
*e9fb649878ae8dc17a58a82ea989f0aa*
`登陆天数: 20天 / 657天
等级: 130
石头: 4049
呼符: 245
体力: 29.24333333333334 / 138
友情点: 0 / 464670`
_2024-06-12 04:33:30_
--------
*2c602a9b95859be7a0437ab5f4a27466*
`登陆天数: 20天 / 658天
等级: 130
石头: 4075
呼符: 233
体力: 29.21666666666667 / 138
友情点: 0 / 466190`
_2024-06-12 04:33:38_
--------
*02b9a6fe417b5d148bf481e9cfd6ebde*
`登陆天数: 20天 / 657天
等级: 130
石头: 4060
呼符: 254
体力: 29.189999999999998 / 138
友情点: 0 / 464125`
_2024-06-12 04:33:46_
--------
*b77d30f23261ef806f674c45166f7c2a*
`登陆天数: 20天 / 657天
等级: 130
石头: 4064
呼符: 275
体力: 29.163333333333327 / 138
友情点: 0 / 465810`
_2024-06-12 04:33:54_
--------
*d880582cd1dea11e86bd931426917a24*
`登陆天数: 20天 / 657天
等级: 130
石头: 4067
呼符: 286
体力: 29.13333333333334 / 138
友情点: 0 / 464280`
_2024-06-12 04:34:02_
--------
*317c92bc9dbb488a38d66a283bb00299*
`登陆天数: 20天 / 657天
等级: 130
石头: 4037
呼符: 84
体力: 29.10666666666667 / 138
友情点: 0 / 464285`
_2024-06-12 04:34:10_
--------
*f8fd16ffaa28b7a2f282e21b1bc9f08f*
`登陆天数: 20天 / 658天
等级: 130
石头: 4077
呼符: 325
体力: 29.073333333333338 / 138
友情点: 0 / 464185`
_2024-06-12 04:34:18_
--------
*abe8704055c898e1800b9cbd26cfbca9*
`登陆天数: 20天 / 658天
等级: 130
石头: 4073
呼符: 307
体力: 29.049999999999997 / 138
友情点: 0 / 464115`
_2024-06-12 04:34:26_
--------
*f887e626b3abf484eaaaa076095f80ce*
`登陆天数: 20天 / 658天
等级: 130
石头: 4073
呼符: 144
体力: 29.019999999999996 / 138
友情点: 0 / 465365`
_2024-06-12 04:34:34_
--------
*cdbdeccfd01bed477123077ddc12f8f2*
`登陆天数: 20天 / 658天
等级: 130
石头: 4035
呼符: 314
体力: 28.986666666666665 / 138
友情点: 0 / 465410`
_2024-06-12 04:34:42_
--------
*9245714ae863fbe82cb107532b27f768*
`登陆天数: 20天 / 658天
等级: 130
石头: 4063
呼符: 34
体力: 28.959999999999994 / 138
友情点: 0 / 467085`
_2024-06-12 04:34:50_
--------
*beee1d42aa302d906222634efb9e84be*
`登陆天数: 20天 / 657天
等级: 130
石头: 4056
呼符: 52
体力: 28.930000000000007 / 138
友情点: 0 / 463960`
_2024-06-12 04:34:58_
--------
*642e6979c8c0c9f6e5536b5b87480a82*
`登陆天数: 20天 / 657天
等级: 130
石头: 4081
呼符: 324
体力: 28.900000000000006 / 138
友情点: 0 / 465615`
_2024-06-12 04:35:05_
--------
*6a8c03f6928c237c298152cc70fb1350*
`登陆天数: 20天 / 657天
等级: 130
石头: 4071
呼符: 303
体力: 28.86666666666666 / 138
友情点: 0 / 464760`
_2024-06-12 04:35:13_
--------
*22c1ea96d8d5b434a0b2240789fa25e6*
`登陆天数: 20天 / 657天
等级: 130
石头: 4083
呼符: 33
体力: 28.836666666666673 / 138
友情点: 0 / 464205`
_2024-06-12 04:35:21_
--------
*dc7f25cf37a3fa7d7267dd3c9609c933*
`登陆天数: 20天 / 658天
等级: 130
石头: 4069
呼符: 324
体力: 28.806666666666672 / 138
友情点: 0 / 466060`
_2024-06-12 04:35:29_
--------
*8482c7bf215281a6c01672e5819f2bbd*
`登陆天数: 20天 / 657天
等级: 130
石头: 4070
呼符: 200
体力: 28.78 / 138
友情点: 0 / 464210`
_2024-06-12 04:35:36_
--------
*8708e662a3a9bd9c776bbba7323536ad*
`登陆天数: 20天 / 658天
等级: 130
石头: 4077
呼符: 271
体力: 28.75 / 138
友情点: 0 / 464770`
_2024-06-12 04:35:44_
--------
*cf7d89915610bcd7b37ca28ab638314c*
`登陆天数: 20天 / 657天
等级: 130
石头: 4070
呼符: 204
体力: 28.72 / 138
友情点: 0 / 465075`
_2024-06-12 04:35:52_
--------
*243eb74e763a406f44558ef21d614408*
`登陆天数: 20天 / 658天
等级: 130
石头: 4105
呼符: 306
体力: 28.689999999999998 / 138
友情点: 0 / 464410`
_2024-06-12 04:36:00_
--------
*87d09c5cde6848cfc7b1a06b657d6fdb*
`登陆天数: 20天 / 658天
等级: 130
石头: 4061
呼符: 328
体力: 28.663333333333327 / 138
友情点: 0 / 464145`
_2024-06-12 04:36:08_
--------
*e9f795a47687fbd8c7e77bbda427e736*
`登陆天数: 20天 / 657天
等级: 130
石头: 4067
呼符: 150
体力: 28.63666666666667 / 138
友情点: 0 / 465170`
_2024-06-12 04:36:16_
--------
*b5664ff41e27985c0b63aa7c87ea21c7*
`登陆天数: 20天 / 658天
等级: 130
石头: 4060
呼符: 92
体力: 28.61 / 138
友情点: 0 / 467895`
_2024-06-12 04:36:24_
--------
*3da2eb4f55a8ae481d18547b498596e4*
`登陆天数: 20天 / 657天
等级: 130
石头: 4019
呼符: 194
体力: 17621.566666666666 / 138
友情点: 0 / 469105`
_2024-06-12 04:36:32_
--------
*0eee4f8037ad23499fdd97ea5cfa24c1*
`登陆天数: 20天 / 658天
等级: 130
石头: 4004
呼符: 308
体力: 17621.593333333334 / 138
友情点: 0 / 466705`
*連続ログイン6日目
※ログインが途切れるか、7日到達すると
1日目から再開されます*
`聖晶石 X 2
6月交換券(2024) X 1
`*螺旋証明世界 リリムハーロット ～喝采なき薔薇～ アンケート復刻版
開幕記念 ログインボーナス*
*開催期間中、1日1回 最大21回 ログインボーナスをプレゼント！*
`白銀の果実 X 1
`_2024-06-12 04:36:40_
--------
