【登录信息】
*31ac18bfe256cc8fca8f83c12c2ca5bd*
`登陆天数: 21天 / 658天
等级: 130
石头: 4061
呼符: 229
体力: 24.196666666666673 / 138
友情点: 0 / 456880`
_2024-06-13 04:00:33_
--------
*e4265a4095a5863d590c4bb002c3b0f2*
`登陆天数: 21天 / 659天
等级: 130
石头: 4070
呼符: 35
体力: 24.163333333333327 / 138
友情点: 0 / 456430`
_2024-06-13 04:00:41_
--------
*c5099ce696cf7d31ce07216e4225b8b9*
`登陆天数: 21天 / 658天
等级: 130
石头: 4062
呼符: 325
体力: 24.13666666666667 / 138
友情点: 0 / 456155`
_2024-06-13 04:00:48_
--------
*0a2d4bd16a590a5f73bd6b95324f2853*
`登陆天数: 21天 / 658天
等级: 130
石头: 4055
呼符: 314
体力: 24.10333333333334 / 138
友情点: 0 / 457210`
_2024-06-13 04:00:56_
--------
*fec781dbff077368b5f3ecac372a969f*
`登陆天数: 21天 / 658天
等级: 130
石头: 4066
呼符: 279
体力: 24.076666666666668 / 138
友情点: 0 / 455960`
_2024-06-13 04:01:04_
--------
*cd2436e1f44a3cfe90db81460559f215*
`登陆天数: 21天 / 658天
等级: 130
石头: 4033
呼符: 213
体力: 24.046666666666667 / 138
友情点: 0 / 457110`
_2024-06-13 04:01:11_
--------
*d85bea5f2f8ea30fd0fa5a2d469c7615*
`登陆天数: 21天 / 658天
等级: 130
石头: 4071
呼符: 289
体力: 24.019999999999996 / 138
友情点: 0 / 457405`
_2024-06-13 04:01:19_
--------
*2bd899b5aa4538f5b8d1b4e14844171f*
`登陆天数: 21天 / 659天
等级: 130
石头: 4074
呼符: 210
体力: 23.986666666666665 / 138
友情点: 0 / 457075`
_2024-06-13 04:01:26_
--------
*8afa1b3c712ffad08d577e3d71ae0cf2*
`登陆天数: 21天 / 658天
等级: 130
石头: 4058
呼符: 157
体力: 23.959999999999994 / 138
友情点: 0 / 457440`
_2024-06-13 04:01:34_
--------
*3e56c92c0f4ca08a5a9dbd5c0912c124*
`登陆天数: 21天 / 658天
等级: 130
石头: 4051
呼符: 130
体力: 23.933333333333337 / 138
友情点: 0 / 456940`
_2024-06-13 04:01:42_
--------
*d273a3cfe1a88455a3867bdd6c5411a9*
`登陆天数: 21天 / 658天
等级: 130
石头: 4069
呼符: 318
体力: 23.900000000000006 / 138
友情点: 0 / 456575`
_2024-06-13 04:01:49_
--------
*e272a18248509eefcd1580a457042733*
`登陆天数: 21天 / 658天
等级: 130
石头: 4076
呼符: 170
体力: 23.870000000000005 / 138
友情点: 0 / 458035`
_2024-06-13 04:01:57_
--------
*c0b65391642eec0fc9990770e270f1f0*
`登陆天数: 21天 / 659天
等级: 130
石头: 4072
呼符: 247
体力: 23.840000000000003 / 138
友情点: 0 / 455655`
_2024-06-13 04:02:04_
--------
*d350ee0a9f1916eecd03edce2685e4b0*
`登陆天数: 21天 / 659天
等级: 130
石头: 4060
呼符: 270
体力: 23.810000000000002 / 138
友情点: 0 / 456670`
_2024-06-13 04:02:12_
--------
*081e422d5f03c7c6f998c01d5e343c36*
`登陆天数: 21天 / 658天
等级: 130
石头: 4059
呼符: 322
体力: 23.78333333333333 / 138
友情点: 0 / 456280`
_2024-06-13 04:02:19_
--------
*ecc5cdc190238dbea1e5321fd17aaee1*
`登陆天数: 21天 / 658天
等级: 130
石头: 4080
呼符: 240
体力: 23.75333333333333 / 138
友情点: 0 / 458045`
_2024-06-13 04:02:27_
--------
*80c8573c615717cd7753380e6282d13a*
`登陆天数: 21天 / 659天
等级: 130
石头: 4079
呼符: 322
体力: 23.72333333333333 / 138
友情点: 0 / 455945`
_2024-06-13 04:02:35_
--------
*77d0601d0248e0cfbe15512b825965ae*
`登陆天数: 21天 / 659天
等级: 130
石头: 4067
呼符: 317
体力: 23.693333333333328 / 138
友情点: 0 / 456845`
_2024-06-13 04:02:43_
--------
*eead8870a8d68b26662d3bfe418e75b2*
`登陆天数: 21天 / 658天
等级: 130
石头: 4061
呼符: 315
体力: 23.663333333333327 / 138
友情点: 0 / 457155`
_2024-06-13 04:02:50_
--------
*3dc0a20b713ecaaa4d1dfdc5c71f3dc8*
`登陆天数: 21天 / 658天
等级: 130
石头: 4073
呼符: 217
体力: 23.629999999999995 / 138
友情点: 0 / 457265`
_2024-06-13 04:02:58_
--------
*3a33ee4f4a8f0d48a36c0c023d9f3a2c*
`登陆天数: 21天 / 658天
等级: 130
石头: 4071
呼符: 309
体力: 23.599999999999994 / 138
友情点: 0 / 456220`
_2024-06-13 04:03:06_
--------
*dc2eb86246737b9ce989350484834207*
`登陆天数: 21天 / 658天
等级: 130
石头: 4069
呼符: 301
体力: 23.569999999999993 / 138
友情点: 0 / 456265`
_2024-06-13 04:03:13_
--------
*040a98d92aa6cb1f5d8c23f9ba8e7a03*
`登陆天数: 21天 / 659天
等级: 130
石头: 4077
呼符: 250
体力: 23.540000000000006 / 138
友情点: 0 / 455895`
_2024-06-13 04:03:21_
--------
*902f3fb38355282eec4fb79373d7faff*
`登陆天数: 21天 / 658天
等级: 130
石头: 4072
呼符: 330
体力: 23.510000000000005 / 138
友情点: 0 / 458070`
_2024-06-13 04:03:28_
--------
*87f6d6ae6aba3c3ccc8ba9dc4816c6f9*
`登陆天数: 21天 / 659天
等级: 130
石头: 4068
呼符: 284
体力: 23.480000000000004 / 138
友情点: 0 / 459355`
_2024-06-13 04:03:36_
--------
*e9fb649878ae8dc17a58a82ea989f0aa*
`登陆天数: 21天 / 658天
等级: 130
石头: 4049
呼符: 246
体力: 23.450000000000003 / 138
友情点: 0 / 458670`
_2024-06-13 04:03:44_
--------
*2c602a9b95859be7a0437ab5f4a27466*
`登陆天数: 21天 / 659天
等级: 130
石头: 4075
呼符: 234
体力: 23.423333333333332 / 138
友情点: 0 / 460190`
_2024-06-13 04:03:51_
--------
*02b9a6fe417b5d148bf481e9cfd6ebde*
`登陆天数: 21天 / 658天
等级: 130
石头: 4060
呼符: 255
体力: 23.39666666666666 / 138
友情点: 0 / 458125`
_2024-06-13 04:03:59_
--------
*b77d30f23261ef806f674c45166f7c2a*
`登陆天数: 21天 / 658天
等级: 130
石头: 4064
呼符: 276
体力: 23.36666666666666 / 138
友情点: 0 / 459810`
_2024-06-13 04:04:07_
--------
*d880582cd1dea11e86bd931426917a24*
`登陆天数: 21天 / 658天
等级: 130
石头: 4067
呼符: 287
体力: 23.336666666666673 / 138
友情点: 0 / 458280`
_2024-06-13 04:04:15_
--------
*317c92bc9dbb488a38d66a283bb00299*
`登陆天数: 21天 / 658天
等级: 130
石头: 4037
呼符: 85
体力: 23.310000000000002 / 138
友情点: 0 / 458285`
_2024-06-13 04:04:22_
--------
*f8fd16ffaa28b7a2f282e21b1bc9f08f*
`登陆天数: 21天 / 659天
等级: 130
石头: 4077
呼符: 326
体力: 23.28 / 138
友情点: 0 / 458185`
_2024-06-13 04:04:30_
--------
*abe8704055c898e1800b9cbd26cfbca9*
`登陆天数: 21天 / 659天
等级: 130
石头: 4073
呼符: 308
体力: 23.25333333333333 / 138
友情点: 0 / 458115`
_2024-06-13 04:04:38_
--------
*f887e626b3abf484eaaaa076095f80ce*
`登陆天数: 21天 / 659天
等级: 130
石头: 4073
呼符: 145
体力: 23.226666666666674 / 138
友情点: 0 / 459365`
_2024-06-13 04:04:45_
--------
*cdbdeccfd01bed477123077ddc12f8f2*
`登陆天数: 21天 / 659天
等级: 130
石头: 4035
呼符: 315
体力: 23.196666666666673 / 138
友情点: 0 / 459410`
_2024-06-13 04:04:53_
--------
*9245714ae863fbe82cb107532b27f768*
`登陆天数: 21天 / 659天
等级: 130
石头: 4063
呼符: 35
体力: 23.16666666666667 / 138
友情点: 0 / 461085`
_2024-06-13 04:05:00_
--------
*beee1d42aa302d906222634efb9e84be*
`登陆天数: 21天 / 658天
等级: 130
石头: 4056
呼符: 53
体力: 23.14 / 138
友情点: 0 / 457960`
_2024-06-13 04:05:08_
--------
*642e6979c8c0c9f6e5536b5b87480a82*
`登陆天数: 21天 / 658天
等级: 130
石头: 4081
呼符: 325
体力: 23.11333333333333 / 138
友情点: 0 / 459615`
_2024-06-13 04:05:17_
--------
*6a8c03f6928c237c298152cc70fb1350*
`登陆天数: 21天 / 658天
等级: 130
石头: 4071
呼符: 304
体力: 23.086666666666673 / 138
友情点: 0 / 458760`
_2024-06-13 04:05:25_
--------
*22c1ea96d8d5b434a0b2240789fa25e6*
`登陆天数: 21天 / 658天
等级: 130
石头: 4083
呼符: 34
体力: 23.056666666666672 / 138
友情点: 0 / 458205`
_2024-06-13 04:05:33_
--------
*dc7f25cf37a3fa7d7267dd3c9609c933*
`登陆天数: 21天 / 659天
等级: 130
石头: 4069
呼符: 325
体力: 23.03 / 138
友情点: 0 / 460060`
_2024-06-13 04:05:41_
--------
*8482c7bf215281a6c01672e5819f2bbd*
`登陆天数: 21天 / 658天
等级: 130
石头: 4070
呼符: 201
体力: 23.00333333333333 / 138
友情点: 0 / 458210`
_2024-06-13 04:05:48_
--------
*8708e662a3a9bd9c776bbba7323536ad*
`登陆天数: 21天 / 659天
等级: 130
石头: 4077
呼符: 272
体力: 22.97333333333333 / 138
友情点: 0 / 458770`
_2024-06-13 04:05:56_
--------
*cf7d89915610bcd7b37ca28ab638314c*
`登陆天数: 21天 / 658天
等级: 130
石头: 4070
呼符: 205
体力: 22.943333333333328 / 138
友情点: 0 / 459075`
_2024-06-13 04:06:03_
--------
*243eb74e763a406f44558ef21d614408*
`登陆天数: 21天 / 659天
等级: 130
石头: 4105
呼符: 307
体力: 22.913333333333327 / 138
友情点: 0 / 458410`
_2024-06-13 04:06:11_
--------
*87d09c5cde6848cfc7b1a06b657d6fdb*
`登陆天数: 21天 / 659天
等级: 130
石头: 4061
呼符: 329
体力: 22.88333333333334 / 138
友情点: 0 / 458145`
_2024-06-13 04:06:19_
--------
*e9f795a47687fbd8c7e77bbda427e736*
`登陆天数: 21天 / 658天
等级: 130
石头: 4067
呼符: 151
体力: 22.85333333333334 / 138
友情点: 0 / 459170`
_2024-06-13 04:06:26_
--------
*b5664ff41e27985c0b63aa7c87ea21c7*
`登陆天数: 21天 / 659天
等级: 130
石头: 4060
呼符: 93
体力: 22.826666666666668 / 138
友情点: 0 / 461895`
_2024-06-13 04:06:34_
--------
*3da2eb4f55a8ae481d18547b498596e4*
`登陆天数: 21天 / 658天
等级: 130
石头: 4019
呼符: 194
体力: 17903.6 / 138
友情点: 0 / 469105`
_2024-06-13 04:06:42_
--------
*0eee4f8037ad23499fdd97ea5cfa24c1*
`登陆天数: 21天 / 659天
等级: 130
石头: 4004
呼符: 308
体力: 17903.62 / 138
友情点: 0 / 466705`
*連続ログイン7日間到達おめでとうございます！
明日は1日目からリスタートされます。*
`獣の足跡 X 1
呼符 X 1
6月交換券(2024) X 1
`*螺旋証明世界 リリムハーロット ～喝采なき薔薇～ アンケート復刻版
開幕記念 ログインボーナス*
*開催期間中、1日1回 最大21回 ログインボーナスをプレゼント！*
`白銀の果実 X 1
`_2024-06-13 04:06:49_
--------
