【登录信息】
*31ac18bfe256cc8fca8f83c12c2ca5bd*
`登陆天数: 22天 / 659天
等级: 130
石头: 4061
呼符: 229
体力: 30.156666666666666 / 138
友情点: 0 / 452880`
_2024-06-14 04:30:18_
--------
*e4265a4095a5863d590c4bb002c3b0f2*
`登陆天数: 22天 / 660天
等级: 130
石头: 4070
呼符: 35
体力: 30.126666666666665 / 138
友情点: 0 / 452430`
_2024-06-14 04:30:26_
--------
*c5099ce696cf7d31ce07216e4225b8b9*
`登陆天数: 22天 / 659天
等级: 130
石头: 4062
呼符: 325
体力: 30.099999999999994 / 138
友情点: 0 / 452155`
_2024-06-14 04:30:34_
--------
*0a2d4bd16a590a5f73bd6b95324f2853*
`登陆天数: 22天 / 659天
等级: 130
石头: 4055
呼符: 314
体力: 30.069999999999993 / 138
友情点: 0 / 453210`
_2024-06-14 04:30:42_
--------
*fec781dbff077368b5f3ecac372a969f*
`登陆天数: 22天 / 659天
等级: 130
石头: 4066
呼符: 279
体力: 30.043333333333337 / 138
友情点: 0 / 451960`
_2024-06-14 04:30:50_
--------
*cd2436e1f44a3cfe90db81460559f215*
`登陆天数: 22天 / 659天
等级: 130
石头: 4033
呼符: 213
体力: 30.016666666666666 / 138
友情点: 0 / 453110`
_2024-06-14 04:30:58_
--------
*d85bea5f2f8ea30fd0fa5a2d469c7615*
`登陆天数: 22天 / 659天
等级: 130
石头: 4071
呼符: 289
体力: 29.989999999999995 / 138
友情点: 0 / 453405`
_2024-06-14 04:31:06_
--------
*2bd899b5aa4538f5b8d1b4e14844171f*
`登陆天数: 22天 / 660天
等级: 130
石头: 4074
呼符: 210
体力: 29.959999999999994 / 138
友情点: 0 / 453075`
_2024-06-14 04:31:14_
--------
*8afa1b3c712ffad08d577e3d71ae0cf2*
`登陆天数: 22天 / 659天
等级: 130
石头: 4058
呼符: 157
体力: 29.933333333333337 / 138
友情点: 0 / 453440`
_2024-06-14 04:31:22_
--------
*3e56c92c0f4ca08a5a9dbd5c0912c124*
`登陆天数: 22天 / 659天
等级: 130
石头: 4051
呼符: 130
体力: 29.900000000000006 / 138
友情点: 0 / 452940`
_2024-06-14 04:31:30_
--------
*d273a3cfe1a88455a3867bdd6c5411a9*
`登陆天数: 22天 / 659天
等级: 130
石头: 4069
呼符: 318
体力: 29.873333333333335 / 138
友情点: 0 / 452575`
_2024-06-14 04:31:38_
--------
*e272a18248509eefcd1580a457042733*
`登陆天数: 22天 / 659天
等级: 130
石头: 4076
呼符: 170
体力: 29.843333333333334 / 138
友情点: 0 / 454035`
_2024-06-14 04:31:46_
--------
*c0b65391642eec0fc9990770e270f1f0*
`登陆天数: 22天 / 660天
等级: 130
石头: 4072
呼符: 247
体力: 29.810000000000002 / 138
友情点: 0 / 451655`
_2024-06-14 04:31:54_
--------
*d350ee0a9f1916eecd03edce2685e4b0*
`登陆天数: 22天 / 660天
等级: 130
石头: 4060
呼符: 270
体力: 29.78333333333333 / 138
友情点: 0 / 452670`
_2024-06-14 04:32:02_
--------
*081e422d5f03c7c6f998c01d5e343c36*
`登陆天数: 22天 / 659天
等级: 130
石头: 4059
呼符: 322
体力: 29.75 / 138
友情点: 0 / 452280`
_2024-06-14 04:32:09_
--------
*ecc5cdc190238dbea1e5321fd17aaee1*
`登陆天数: 22天 / 659天
等级: 130
石头: 4080
呼符: 240
体力: 29.72333333333333 / 138
友情点: 0 / 454045`
_2024-06-14 04:32:17_
--------
*80c8573c615717cd7753380e6282d13a*
`登陆天数: 22天 / 660天
等级: 130
石头: 4079
呼符: 322
体力: 29.693333333333328 / 138
友情点: 0 / 451945`
_2024-06-14 04:32:25_
--------
*77d0601d0248e0cfbe15512b825965ae*
`登陆天数: 22天 / 660天
等级: 130
石头: 4067
呼符: 317
体力: 29.663333333333327 / 138
友情点: 0 / 452845`
_2024-06-14 04:32:33_
--------
*eead8870a8d68b26662d3bfe418e75b2*
`登陆天数: 22天 / 659天
等级: 130
石头: 4061
呼符: 315
体力: 29.629999999999995 / 138
友情点: 0 / 453155`
_2024-06-14 04:32:41_
--------
*3dc0a20b713ecaaa4d1dfdc5c71f3dc8*
`登陆天数: 22天 / 659天
等级: 130
石头: 4073
呼符: 217
体力: 29.596666666666664 / 138
友情点: 0 / 453265`
_2024-06-14 04:32:49_
--------
*3a33ee4f4a8f0d48a36c0c023d9f3a2c*
`登陆天数: 22天 / 659天
等级: 130
石头: 4071
呼符: 309
体力: 29.566666666666663 / 138
友情点: 0 / 452220`
_2024-06-14 04:32:57_
--------
*dc2eb86246737b9ce989350484834207*
`登陆天数: 22天 / 659天
等级: 130
石头: 4069
呼符: 301
体力: 29.540000000000006 / 138
友情点: 0 / 452265`
_2024-06-14 04:33:05_
--------
*040a98d92aa6cb1f5d8c23f9ba8e7a03*
`登陆天数: 22天 / 660天
等级: 130
石头: 4077
呼符: 250
体力: 29.510000000000005 / 138
友情点: 0 / 451895`
_2024-06-14 04:33:13_
--------
*902f3fb38355282eec4fb79373d7faff*
`登陆天数: 22天 / 659天
等级: 130
石头: 4072
呼符: 330
体力: 29.486666666666665 / 138
友情点: 0 / 454070`
_2024-06-14 04:33:21_
--------
*87f6d6ae6aba3c3ccc8ba9dc4816c6f9*
`登陆天数: 22天 / 660天
等级: 130
石头: 4068
呼符: 284
体力: 29.456666666666663 / 138
友情点: 0 / 455355`
_2024-06-14 04:33:29_
--------
*e9fb649878ae8dc17a58a82ea989f0aa*
`登陆天数: 22天 / 659天
等级: 130
石头: 4049
呼符: 246
体力: 29.426666666666662 / 138
友情点: 0 / 454670`
_2024-06-14 04:33:37_
--------
*2c602a9b95859be7a0437ab5f4a27466*
`登陆天数: 22天 / 660天
等级: 130
石头: 4075
呼符: 234
体力: 29.39666666666666 / 138
友情点: 0 / 456190`
_2024-06-14 04:33:45_
--------
*02b9a6fe417b5d148bf481e9cfd6ebde*
`登陆天数: 22天 / 659天
等级: 130
石头: 4060
呼符: 255
体力: 29.36333333333333 / 138
友情点: 0 / 454125`
_2024-06-14 04:33:53_
--------
*b77d30f23261ef806f674c45166f7c2a*
`登陆天数: 22天 / 659天
等级: 130
石头: 4064
呼符: 276
体力: 29.33333333333333 / 138
友情点: 0 / 455810`
_2024-06-14 04:34:01_
--------
*d880582cd1dea11e86bd931426917a24*
`登陆天数: 22天 / 659天
等级: 130
石头: 4067
呼符: 287
体力: 29.303333333333327 / 138
友情点: 0 / 454280`
_2024-06-14 04:34:09_
--------
*317c92bc9dbb488a38d66a283bb00299*
`登陆天数: 22天 / 659天
等级: 130
石头: 4037
呼符: 85
体力: 29.27666666666667 / 138
友情点: 0 / 454285`
_2024-06-14 04:34:16_
--------
*f8fd16ffaa28b7a2f282e21b1bc9f08f*
`登陆天数: 22天 / 660天
等级: 130
石头: 4077
呼符: 326
体力: 29.24666666666667 / 138
友情点: 0 / 454185`
_2024-06-14 04:34:25_
--------
*abe8704055c898e1800b9cbd26cfbca9*
`登陆天数: 22天 / 660天
等级: 130
石头: 4073
呼符: 308
体力: 29.21666666666667 / 138
友情点: 0 / 454115`
_2024-06-14 04:34:32_
--------
*f887e626b3abf484eaaaa076095f80ce*
`登陆天数: 22天 / 660天
等级: 130
石头: 4073
呼符: 145
体力: 29.186666666666667 / 138
友情点: 0 / 455365`
_2024-06-14 04:34:40_
--------
*cdbdeccfd01bed477123077ddc12f8f2*
`登陆天数: 22天 / 660天
等级: 130
石头: 4035
呼符: 315
体力: 29.159999999999997 / 138
友情点: 0 / 455410`
_2024-06-14 04:34:48_
--------
*9245714ae863fbe82cb107532b27f768*
`登陆天数: 22天 / 660天
等级: 130
石头: 4063
呼符: 35
体力: 29.13333333333334 / 138
友情点: 0 / 457085`
_2024-06-14 04:34:56_
--------
*beee1d42aa302d906222634efb9e84be*
`登陆天数: 22天 / 659天
等级: 130
石头: 4056
呼符: 53
体力: 29.10333333333334 / 138
友情点: 0 / 453960`
_2024-06-14 04:35:04_
--------
*642e6979c8c0c9f6e5536b5b87480a82*
`登陆天数: 22天 / 659天
等级: 130
石头: 4081
呼符: 325
体力: 29.076666666666668 / 138
友情点: 0 / 455615`
_2024-06-14 04:35:12_
--------
*6a8c03f6928c237c298152cc70fb1350*
`登陆天数: 22天 / 659天
等级: 130
石头: 4071
呼符: 304
体力: 29.046666666666667 / 138
友情点: 0 / 454760`
_2024-06-14 04:35:20_
--------
*22c1ea96d8d5b434a0b2240789fa25e6*
`登陆天数: 22天 / 659天
等级: 130
石头: 4083
呼符: 34
体力: 29.019999999999996 / 138
友情点: 0 / 454205`
_2024-06-14 04:35:27_
--------
*dc7f25cf37a3fa7d7267dd3c9609c933*
`登陆天数: 22天 / 660天
等级: 130
石头: 4069
呼符: 325
体力: 28.99333333333334 / 138
友情点: 0 / 456060`
_2024-06-14 04:35:35_
--------
*8482c7bf215281a6c01672e5819f2bbd*
`登陆天数: 22天 / 659天
等级: 130
石头: 4070
呼符: 201
体力: 28.96666666666667 / 138
友情点: 0 / 454210`
_2024-06-14 04:35:44_
--------
*8708e662a3a9bd9c776bbba7323536ad*
`登陆天数: 22天 / 660天
等级: 130
石头: 4077
呼符: 272
体力: 28.939999999999998 / 138
友情点: 0 / 454770`
_2024-06-14 04:35:51_
--------
*cf7d89915610bcd7b37ca28ab638314c*
`登陆天数: 22天 / 659天
等级: 130
石头: 4070
呼符: 205
体力: 28.906666666666666 / 138
友情点: 0 / 455075`
_2024-06-14 04:35:59_
--------
*243eb74e763a406f44558ef21d614408*
`登陆天数: 22天 / 660天
等级: 130
石头: 4105
呼符: 307
体力: 28.879999999999995 / 138
友情点: 0 / 454410`
_2024-06-14 04:36:07_
--------
*87d09c5cde6848cfc7b1a06b657d6fdb*
`登陆天数: 22天 / 660天
等级: 130
石头: 4061
呼符: 329
体力: 28.849999999999994 / 138
友情点: 0 / 454145`
_2024-06-14 04:36:15_
--------
*e9f795a47687fbd8c7e77bbda427e736*
`登陆天数: 22天 / 659天
等级: 130
石头: 4067
呼符: 151
体力: 28.823333333333338 / 138
友情点: 0 / 455170`
_2024-06-14 04:36:22_
--------
*b5664ff41e27985c0b63aa7c87ea21c7*
`登陆天数: 22天 / 660天
等级: 130
石头: 4060
呼符: 93
体力: 28.793333333333337 / 138
友情点: 0 / 457895`
_2024-06-14 04:36:31_
--------
*3da2eb4f55a8ae481d18547b498596e4*
`登陆天数: 22天 / 659天
等级: 130
石头: 4019
呼符: 194
体力: 18197.59 / 138
友情点: 0 / 469105`
_2024-06-14 04:36:38_
--------
*0eee4f8037ad23499fdd97ea5cfa24c1*
`登陆天数: 22天 / 660天
等级: 130
石头: 4004
呼符: 308
体力: 18197.613333333335 / 138
友情点: 0 / 466705`
*連続ログイン1日目
※ログインが途切れるか、7日到達すると
1日目から再開されます*
`フレンドポイント X 2000
6月交換券(2024) X 1
`*螺旋証明世界 リリムハーロット ～喝采なき薔薇～ アンケート復刻版
開幕記念 ログインボーナス*
*開催期間中、1日1回 最大21回 ログインボーナスをプレゼント！*
`黄金の果実 X 1
`_2024-06-14 04:36:46_
--------
