【登录信息】
*31ac18bfe256cc8fca8f83c12c2ca5bd*
`登陆天数: 23天 / 660天
等级: 130
石头: 4062
呼符: 229
体力: 31.0 / 138
友情点: 0 / 446880`
_2024-06-15 04:33:35_
--------
*e4265a4095a5863d590c4bb002c3b0f2*
`登陆天数: 23天 / 661天
等级: 130
石头: 4071
呼符: 35
体力: 30.96666666666667 / 138
友情点: 0 / 446430`
_2024-06-15 04:33:43_
--------
*c5099ce696cf7d31ce07216e4225b8b9*
`登陆天数: 23天 / 660天
等级: 130
石头: 4063
呼符: 325
体力: 30.936666666666667 / 138
友情点: 0 / 446155`
_2024-06-15 04:33:50_
--------
*0a2d4bd16a590a5f73bd6b95324f2853*
`登陆天数: 23天 / 660天
等级: 130
石头: 4056
呼符: 314
体力: 30.906666666666666 / 138
友情点: 0 / 447210`
_2024-06-15 04:33:58_
--------
*fec781dbff077368b5f3ecac372a969f*
`登陆天数: 23天 / 660天
等级: 130
石头: 4067
呼符: 279
体力: 30.873333333333335 / 138
友情点: 0 / 445960`
_2024-06-15 04:34:06_
--------
*cd2436e1f44a3cfe90db81460559f215*
`登陆天数: 23天 / 660天
等级: 130
石头: 4034
呼符: 213
体力: 30.843333333333334 / 138
友情点: 0 / 447110`
_2024-06-15 04:34:14_
--------
*d85bea5f2f8ea30fd0fa5a2d469c7615*
`登陆天数: 23天 / 660天
等级: 130
石头: 4072
呼符: 289
体力: 30.813333333333333 / 138
友情点: 0 / 447405`
_2024-06-15 04:34:21_
--------
*2bd899b5aa4538f5b8d1b4e14844171f*
`登陆天数: 23天 / 661天
等级: 130
石头: 4075
呼符: 210
体力: 30.77666666666667 / 138
友情点: 0 / 447075`
_2024-06-15 04:34:29_
--------
*8afa1b3c712ffad08d577e3d71ae0cf2*
`登陆天数: 23天 / 660天
等级: 130
石头: 4059
呼符: 157
体力: 30.74666666666667 / 138
友情点: 0 / 447440`
_2024-06-15 04:34:37_
--------
*3e56c92c0f4ca08a5a9dbd5c0912c124*
`登陆天数: 23天 / 660天
等级: 130
石头: 4052
呼符: 130
体力: 30.71666666666667 / 138
友情点: 0 / 446940`
_2024-06-15 04:34:45_
--------
*d273a3cfe1a88455a3867bdd6c5411a9*
`登陆天数: 23天 / 660天
等级: 130
石头: 4070
呼符: 318
体力: 30.686666666666667 / 138
友情点: 0 / 446575`
_2024-06-15 04:34:52_
--------
*e272a18248509eefcd1580a457042733*
`登陆天数: 23天 / 660天
等级: 130
石头: 4077
呼符: 170
体力: 30.656666666666666 / 138
友情点: 0 / 448035`
_2024-06-15 04:35:00_
--------
*c0b65391642eec0fc9990770e270f1f0*
`登陆天数: 23天 / 661天
等级: 130
石头: 4073
呼符: 247
体力: 30.623333333333335 / 138
友情点: 0 / 445655`
_2024-06-15 04:35:08_
--------
*d350ee0a9f1916eecd03edce2685e4b0*
`登陆天数: 23天 / 661天
等级: 130
石头: 4061
呼符: 270
体力: 30.593333333333334 / 138
友情点: 0 / 446670`
_2024-06-15 04:35:15_
--------
*081e422d5f03c7c6f998c01d5e343c36*
`登陆天数: 23天 / 660天
等级: 130
石头: 4060
呼符: 322
体力: 30.563333333333333 / 138
友情点: 0 / 446280`
_2024-06-15 04:35:23_
--------
*ecc5cdc190238dbea1e5321fd17aaee1*
`登陆天数: 23天 / 660天
等级: 130
石头: 4081
呼符: 240
体力: 30.53 / 138
友情点: 0 / 448045`
_2024-06-15 04:35:31_
--------
*80c8573c615717cd7753380e6282d13a*
`登陆天数: 23天 / 661天
等级: 130
石头: 4080
呼符: 322
体力: 30.49666666666667 / 138
友情点: 0 / 445945`
_2024-06-15 04:35:39_
--------
*77d0601d0248e0cfbe15512b825965ae*
`登陆天数: 23天 / 661天
等级: 130
石头: 4068
呼符: 317
体力: 30.46666666666667 / 138
友情点: 0 / 446845`
_2024-06-15 04:35:47_
--------
*eead8870a8d68b26662d3bfe418e75b2*
`登陆天数: 23天 / 660天
等级: 130
石头: 4062
呼符: 315
体力: 30.436666666666667 / 138
友情点: 0 / 447155`
_2024-06-15 04:35:54_
--------
*3dc0a20b713ecaaa4d1dfdc5c71f3dc8*
`登陆天数: 23天 / 660天
等级: 130
石头: 4074
呼符: 217
体力: 30.403333333333336 / 138
友情点: 0 / 447265`
_2024-06-15 04:36:02_
--------
*3a33ee4f4a8f0d48a36c0c023d9f3a2c*
`登陆天数: 23天 / 660天
等级: 130
石头: 4072
呼符: 309
体力: 30.373333333333335 / 138
友情点: 0 / 446220`
_2024-06-15 04:36:09_
--------
*dc2eb86246737b9ce989350484834207*
`登陆天数: 23天 / 660天
等级: 130
石头: 4070
呼符: 301
体力: 30.343333333333334 / 138
友情点: 0 / 446265`
_2024-06-15 04:36:17_
--------
*040a98d92aa6cb1f5d8c23f9ba8e7a03*
`登陆天数: 23天 / 661天
等级: 130
石头: 4078
呼符: 250
体力: 30.313333333333333 / 138
友情点: 0 / 445895`
_2024-06-15 04:36:25_
--------
*902f3fb38355282eec4fb79373d7faff*
`登陆天数: 23天 / 660天
等级: 130
石头: 4073
呼符: 330
体力: 30.28333333333333 / 138
友情点: 0 / 448070`
_2024-06-15 04:36:32_
--------
*87f6d6ae6aba3c3ccc8ba9dc4816c6f9*
`登陆天数: 23天 / 661天
等级: 130
石头: 4069
呼符: 284
体力: 30.25 / 138
友情点: 0 / 449355`
_2024-06-15 04:36:40_
--------
*e9fb649878ae8dc17a58a82ea989f0aa*
`登陆天数: 23天 / 660天
等级: 130
石头: 4050
呼符: 246
体力: 30.22 / 138
友情点: 0 / 448670`
_2024-06-15 04:36:48_
--------
*2c602a9b95859be7a0437ab5f4a27466*
`登陆天数: 23天 / 661天
等级: 130
石头: 4076
呼符: 234
体力: 30.189999999999998 / 138
友情点: 0 / 450190`
_2024-06-15 04:36:55_
--------
*02b9a6fe417b5d148bf481e9cfd6ebde*
`登陆天数: 23天 / 660天
等级: 130
石头: 4061
呼符: 255
体力: 30.159999999999997 / 138
友情点: 0 / 448125`
_2024-06-15 04:37:03_
--------
*b77d30f23261ef806f674c45166f7c2a*
`登陆天数: 23天 / 660天
等级: 130
石头: 4065
呼符: 276
体力: 30.129999999999995 / 138
友情点: 0 / 449810`
_2024-06-15 04:37:11_
--------
*d880582cd1dea11e86bd931426917a24*
`登陆天数: 23天 / 660天
等级: 130
石头: 4068
呼符: 287
体力: 30.099999999999994 / 138
友情点: 0 / 448280`
_2024-06-15 04:37:18_
--------
*317c92bc9dbb488a38d66a283bb00299*
`登陆天数: 23天 / 660天
等级: 130
石头: 4038
呼符: 85
体力: 30.069999999999993 / 138
友情点: 0 / 448285`
_2024-06-15 04:37:26_
--------
*f8fd16ffaa28b7a2f282e21b1bc9f08f*
`登陆天数: 23天 / 661天
等级: 130
石头: 4078
呼符: 326
体力: 30.043333333333337 / 138
友情点: 0 / 448185`
_2024-06-15 04:37:34_
--------
*abe8704055c898e1800b9cbd26cfbca9*
`登陆天数: 23天 / 661天
等级: 130
石头: 4074
呼符: 308
体力: 30.013333333333335 / 138
友情点: 0 / 448115`
_2024-06-15 04:37:42_
--------
*f887e626b3abf484eaaaa076095f80ce*
`登陆天数: 23天 / 661天
等级: 130
石头: 4074
呼符: 145
体力: 29.986666666666665 / 138
友情点: 0 / 449365`
_2024-06-15 04:37:49_
--------
*cdbdeccfd01bed477123077ddc12f8f2*
`登陆天数: 23天 / 661天
等级: 130
石头: 4036
呼符: 315
体力: 29.953333333333333 / 138
友情点: 0 / 449410`
_2024-06-15 04:37:57_
--------
*9245714ae863fbe82cb107532b27f768*
`登陆天数: 23天 / 661天
等级: 130
石头: 4064
呼符: 35
体力: 29.923333333333332 / 138
友情点: 0 / 451085`
_2024-06-15 04:38:05_
--------
*beee1d42aa302d906222634efb9e84be*
`登陆天数: 23天 / 660天
等级: 130
石头: 4057
呼符: 53
体力: 29.89333333333333 / 138
友情点: 0 / 447960`
_2024-06-15 04:38:12_
--------
*642e6979c8c0c9f6e5536b5b87480a82*
`登陆天数: 23天 / 660天
等级: 130
石头: 4082
呼符: 325
体力: 29.86333333333333 / 138
友情点: 0 / 449615`
_2024-06-15 04:38:20_
--------
*6a8c03f6928c237c298152cc70fb1350*
`登陆天数: 23天 / 660天
等级: 130
石头: 4072
呼符: 304
体力: 29.836666666666673 / 138
友情点: 0 / 448760`
_2024-06-15 04:38:27_
--------
*22c1ea96d8d5b434a0b2240789fa25e6*
`登陆天数: 23天 / 660天
等级: 130
石头: 4084
呼符: 34
体力: 29.799999999999997 / 138
友情点: 0 / 448205`
_2024-06-15 04:38:35_
--------
*dc7f25cf37a3fa7d7267dd3c9609c933*
`登陆天数: 23天 / 661天
等级: 130
石头: 4070
呼符: 325
体力: 29.769999999999996 / 138
友情点: 0 / 450060`
_2024-06-15 04:38:44_
--------
*8482c7bf215281a6c01672e5819f2bbd*
`登陆天数: 23天 / 660天
等级: 130
石头: 4071
呼符: 201
体力: 29.74333333333334 / 138
友情点: 0 / 448210`
_2024-06-15 04:38:51_
--------
*8708e662a3a9bd9c776bbba7323536ad*
`登陆天数: 23天 / 661天
等级: 130
石头: 4078
呼符: 272
体力: 29.709999999999994 / 138
友情点: 0 / 448770`
_2024-06-15 04:38:59_
--------
*cf7d89915610bcd7b37ca28ab638314c*
`登陆天数: 23天 / 660天
等级: 130
石头: 4071
呼符: 205
体力: 29.680000000000007 / 138
友情点: 0 / 449075`
_2024-06-15 04:39:07_
--------
*243eb74e763a406f44558ef21d614408*
`登陆天数: 23天 / 661天
等级: 130
石头: 4106
呼符: 307
体力: 29.653333333333336 / 138
友情点: 0 / 448410`
_2024-06-15 04:39:14_
--------
*87d09c5cde6848cfc7b1a06b657d6fdb*
`登陆天数: 23天 / 661天
等级: 130
石头: 4062
呼符: 329
体力: 29.61666666666666 / 138
友情点: 0 / 448145`
_2024-06-15 04:39:22_
--------
*e9f795a47687fbd8c7e77bbda427e736*
`登陆天数: 23天 / 660天
等级: 130
石头: 4068
呼符: 151
体力: 29.590000000000003 / 138
友情点: 0 / 449170`
_2024-06-15 04:39:30_
--------
*b5664ff41e27985c0b63aa7c87ea21c7*
`登陆天数: 23天 / 661天
等级: 130
石头: 4061
呼符: 93
体力: 29.560000000000002 / 138
友情点: 0 / 451895`
_2024-06-15 04:39:37_
--------
*3da2eb4f55a8ae481d18547b498596e4*
`登陆天数: 23天 / 660天
等级: 130
石头: 4019
呼符: 194
体力: 18486.213333333333 / 138
友情点: 0 / 469105`
_2024-06-15 04:39:45_
--------
*0eee4f8037ad23499fdd97ea5cfa24c1*
`登陆天数: 23天 / 661天
等级: 130
石头: 4004
呼符: 308
体力: 18486.236666666668 / 138
友情点: 0 / 466705`
*連続ログイン2日目
※ログインが途切れるか、7日到達すると
1日目から再開されます*
`聖晶石 X 1
6月交換券(2024) X 1
`*螺旋証明世界 リリムハーロット ～喝采なき薔薇～ アンケート復刻版
開幕記念 ログインボーナス*
*開催期間中、1日1回 最大21回 ログインボーナスをプレゼント！*
`白銀の果実 X 1
`_2024-06-15 04:39:53_
--------
