【登录信息】
*31ac18bfe256cc8fca8f83c12c2ca5bd*
`登陆天数: 26天 / 663天
等级: 130
石头: 4063
呼符: 229
体力: 29.576666666666668 / 138
友情点: 0 / 428880`
_2024-06-18 04:29:53_
--------
*e4265a4095a5863d590c4bb002c3b0f2*
`登陆天数: 26天 / 664天
等级: 130
石头: 4072
呼符: 35
体力: 29.540000000000006 / 138
友情点: 0 / 428430`
_2024-06-18 04:30:01_
--------
*c5099ce696cf7d31ce07216e4225b8b9*
`登陆天数: 26天 / 663天
等级: 130
石头: 4064
呼符: 325
体力: 29.510000000000005 / 138
友情点: 0 / 428155`
_2024-06-18 04:30:08_
--------
*0a2d4bd16a590a5f73bd6b95324f2853*
`登陆天数: 26天 / 663天
等级: 130
石头: 4057
呼符: 314
体力: 29.480000000000004 / 138
友情点: 0 / 429210`
_2024-06-18 04:30:16_
--------
*fec781dbff077368b5f3ecac372a969f*
`登陆天数: 26天 / 663天
等级: 130
石头: 4068
呼符: 279
体力: 29.446666666666673 / 138
友情点: 0 / 427960`
_2024-06-18 04:30:24_
--------
*cd2436e1f44a3cfe90db81460559f215*
`登陆天数: 26天 / 663天
等级: 130
石头: 4035
呼符: 213
体力: 29.413333333333327 / 138
友情点: 0 / 429110`
_2024-06-18 04:30:31_
--------
*d85bea5f2f8ea30fd0fa5a2d469c7615*
`登陆天数: 26天 / 663天
等级: 130
石头: 4073
呼符: 289
体力: 29.379999999999995 / 138
友情点: 0 / 429405`
_2024-06-18 04:30:39_
--------
*2bd899b5aa4538f5b8d1b4e14844171f*
`登陆天数: 26天 / 664天
等级: 130
石头: 4076
呼符: 210
体力: 29.346666666666664 / 138
友情点: 0 / 429075`
_2024-06-18 04:30:47_
--------
*8afa1b3c712ffad08d577e3d71ae0cf2*
`登陆天数: 26天 / 663天
等级: 130
石头: 4060
呼符: 157
体力: 29.316666666666663 / 138
友情点: 0 / 429440`
_2024-06-18 04:30:55_
--------
*3e56c92c0f4ca08a5a9dbd5c0912c124*
`登陆天数: 26天 / 663天
等级: 130
石头: 4053
呼符: 130
体力: 29.28666666666666 / 138
友情点: 0 / 428940`
_2024-06-18 04:31:03_
--------
*d273a3cfe1a88455a3867bdd6c5411a9*
`登陆天数: 26天 / 663天
等级: 130
石头: 4071
呼符: 318
体力: 29.25666666666666 / 138
友情点: 0 / 428575`
_2024-06-18 04:31:10_
--------
*e272a18248509eefcd1580a457042733*
`登陆天数: 26天 / 663天
等级: 130
石头: 4078
呼符: 170
体力: 29.226666666666674 / 138
友情点: 0 / 430035`
_2024-06-18 04:31:18_
--------
*c0b65391642eec0fc9990770e270f1f0*
`登陆天数: 26天 / 664天
等级: 130
石头: 4074
呼符: 247
体力: 29.196666666666673 / 138
友情点: 0 / 427655`
_2024-06-18 04:31:26_
--------
*d350ee0a9f1916eecd03edce2685e4b0*
`登陆天数: 26天 / 664天
等级: 130
石头: 4062
呼符: 270
体力: 29.16666666666667 / 138
友情点: 0 / 428670`
_2024-06-18 04:31:34_
--------
*081e422d5f03c7c6f998c01d5e343c36*
`登陆天数: 26天 / 663天
等级: 130
石头: 4061
呼符: 322
体力: 29.13333333333334 / 138
友情点: 0 / 428280`
_2024-06-18 04:31:41_
--------
*ecc5cdc190238dbea1e5321fd17aaee1*
`登陆天数: 26天 / 663天
等级: 130
石头: 4082
呼符: 240
体力: 29.10333333333334 / 138
友情点: 0 / 430045`
_2024-06-18 04:31:49_
--------
*80c8573c615717cd7753380e6282d13a*
`登陆天数: 26天 / 664天
等级: 130
石头: 4081
呼符: 322
体力: 29.073333333333338 / 138
友情点: 0 / 427945`
_2024-06-18 04:31:57_
--------
*77d0601d0248e0cfbe15512b825965ae*
`登陆天数: 26天 / 664天
等级: 130
石头: 4069
呼符: 317
体力: 29.040000000000006 / 138
友情点: 0 / 428845`
_2024-06-18 04:32:05_
--------
*eead8870a8d68b26662d3bfe418e75b2*
`登陆天数: 26天 / 663天
等级: 130
石头: 4063
呼符: 315
体力: 29.010000000000005 / 138
友情点: 0 / 429155`
_2024-06-18 04:32:13_
--------
*3dc0a20b713ecaaa4d1dfdc5c71f3dc8*
`登陆天数: 26天 / 663天
等级: 130
石头: 4075
呼符: 217
体力: 28.976666666666674 / 138
友情点: 0 / 429265`
_2024-06-18 04:32:20_
--------
*3a33ee4f4a8f0d48a36c0c023d9f3a2c*
`登陆天数: 26天 / 663天
等级: 130
石头: 4073
呼符: 309
体力: 28.946666666666673 / 138
友情点: 0 / 428220`
_2024-06-18 04:32:28_
--------
*dc2eb86246737b9ce989350484834207*
`登陆天数: 26天 / 663天
等级: 130
石头: 4071
呼符: 301
体力: 28.913333333333327 / 138
友情点: 0 / 428265`
_2024-06-18 04:32:36_
--------
*040a98d92aa6cb1f5d8c23f9ba8e7a03*
`登陆天数: 26天 / 664天
等级: 130
石头: 4079
呼符: 250
体力: 28.879999999999995 / 138
友情点: 0 / 427895`
_2024-06-18 04:32:44_
--------
*902f3fb38355282eec4fb79373d7faff*
`登陆天数: 26天 / 663天
等级: 130
石头: 4074
呼符: 330
体力: 28.849999999999994 / 138
友情点: 0 / 430070`
_2024-06-18 04:32:51_
--------
*87f6d6ae6aba3c3ccc8ba9dc4816c6f9*
`登陆天数: 26天 / 664天
等级: 130
石头: 4070
呼符: 284
体力: 28.816666666666663 / 138
友情点: 0 / 431355`
_2024-06-18 04:32:59_
--------
*e9fb649878ae8dc17a58a82ea989f0aa*
`登陆天数: 26天 / 663天
等级: 130
石头: 4051
呼符: 246
体力: 28.78666666666666 / 138
友情点: 0 / 430670`
_2024-06-18 04:33:07_
--------
*2c602a9b95859be7a0437ab5f4a27466*
`登陆天数: 26天 / 664天
等级: 130
石头: 4077
呼符: 234
体力: 28.75666666666666 / 138
友情点: 0 / 432190`
_2024-06-18 04:33:15_
--------
*02b9a6fe417b5d148bf481e9cfd6ebde*
`登陆天数: 26天 / 663天
等级: 130
石头: 4062
呼符: 255
体力: 28.72333333333333 / 138
友情点: 0 / 430125`
_2024-06-18 04:33:22_
--------
*b77d30f23261ef806f674c45166f7c2a*
`登陆天数: 26天 / 663天
等级: 130
石头: 4066
呼符: 276
体力: 28.689999999999998 / 138
友情点: 0 / 431810`
_2024-06-18 04:33:30_
--------
*d880582cd1dea11e86bd931426917a24*
`登陆天数: 26天 / 663天
等级: 130
石头: 4069
呼符: 287
体力: 28.659999999999997 / 138
友情点: 0 / 430280`
_2024-06-18 04:33:38_
--------
*317c92bc9dbb488a38d66a283bb00299*
`登陆天数: 26天 / 663天
等级: 130
石头: 4039
呼符: 85
体力: 28.629999999999995 / 138
友情点: 0 / 430285`
_2024-06-18 04:33:45_
--------
*f8fd16ffaa28b7a2f282e21b1bc9f08f*
`登陆天数: 26天 / 664天
等级: 130
石头: 4079
呼符: 326
体力: 28.599999999999994 / 138
友情点: 0 / 430185`
_2024-06-18 04:33:53_
--------
*abe8704055c898e1800b9cbd26cfbca9*
`登陆天数: 26天 / 664天
等级: 130
石头: 4075
呼符: 308
体力: 28.569999999999993 / 138
友情点: 0 / 430115`
_2024-06-18 04:34:01_
--------
*f887e626b3abf484eaaaa076095f80ce*
`登陆天数: 26天 / 664天
等级: 130
石头: 4075
呼符: 145
体力: 28.540000000000006 / 138
友情点: 0 / 431365`
_2024-06-18 04:34:09_
--------
*cdbdeccfd01bed477123077ddc12f8f2*
`登陆天数: 26天 / 664天
等级: 130
石头: 4037
呼符: 315
体力: 28.510000000000005 / 138
友情点: 0 / 431410`
_2024-06-18 04:34:17_
--------
*9245714ae863fbe82cb107532b27f768*
`登陆天数: 26天 / 664天
等级: 130
石头: 4065
呼符: 35
体力: 28.480000000000004 / 138
友情点: 0 / 433085`
_2024-06-18 04:34:25_
--------
*beee1d42aa302d906222634efb9e84be*
`登陆天数: 26天 / 663天
等级: 130
石头: 4058
呼符: 53
体力: 28.446666666666673 / 138
友情点: 0 / 429960`
_2024-06-18 04:34:33_
--------
*642e6979c8c0c9f6e5536b5b87480a82*
`登陆天数: 26天 / 663天
等级: 130
石头: 4083
呼符: 325
体力: 28.41666666666667 / 138
友情点: 0 / 431615`
_2024-06-18 04:34:41_
--------
*6a8c03f6928c237c298152cc70fb1350*
`登陆天数: 26天 / 663天
等级: 130
石头: 4073
呼符: 304
体力: 28.38333333333334 / 138
友情点: 0 / 430760`
_2024-06-18 04:34:48_
--------
*22c1ea96d8d5b434a0b2240789fa25e6*
`登陆天数: 26天 / 663天
等级: 130
石头: 4085
呼符: 34
体力: 28.35333333333334 / 138
友情点: 0 / 430205`
_2024-06-18 04:34:56_
--------
*dc7f25cf37a3fa7d7267dd3c9609c933*
`登陆天数: 26天 / 664天
等级: 130
石头: 4071
呼符: 325
体力: 28.323333333333338 / 138
友情点: 0 / 432060`
_2024-06-18 04:35:04_
--------
*8482c7bf215281a6c01672e5819f2bbd*
`登陆天数: 26天 / 663天
等级: 130
石头: 4072
呼符: 201
体力: 28.293333333333337 / 138
友情点: 0 / 430210`
_2024-06-18 04:35:11_
--------
*8708e662a3a9bd9c776bbba7323536ad*
`登陆天数: 26天 / 664天
等级: 130
石头: 4079
呼符: 272
体力: 28.260000000000005 / 138
友情点: 0 / 430770`
_2024-06-18 04:35:19_
--------
*cf7d89915610bcd7b37ca28ab638314c*
`登陆天数: 26天 / 663天
等级: 130
石头: 4072
呼符: 205
体力: 28.226666666666674 / 138
友情点: 0 / 431075`
_2024-06-18 04:35:26_
--------
*243eb74e763a406f44558ef21d614408*
`登陆天数: 26天 / 664天
等级: 130
石头: 4107
呼符: 307
体力: 28.193333333333328 / 138
友情点: 0 / 430410`
_2024-06-18 04:35:34_
--------
*87d09c5cde6848cfc7b1a06b657d6fdb*
`登陆天数: 26天 / 664天
等级: 130
石头: 4063
呼符: 329
体力: 28.16666666666667 / 138
友情点: 0 / 430145`
_2024-06-18 04:35:42_
--------
*e9f795a47687fbd8c7e77bbda427e736*
`登陆天数: 26天 / 663天
等级: 130
石头: 4069
呼符: 151
体力: 28.14 / 138
友情点: 0 / 431170`
_2024-06-18 04:35:50_
--------
*b5664ff41e27985c0b63aa7c87ea21c7*
`登陆天数: 26天 / 664天
等级: 130
石头: 4062
呼符: 93
体力: 28.10666666666667 / 138
友情点: 0 / 433895`
_2024-06-18 04:35:58_
--------
*3da2eb4f55a8ae481d18547b498596e4*
`登陆天数: 26天 / 663天
等级: 130
石头: 4019
呼符: 194
体力: 19349.48 / 138
友情点: 0 / 469105`
_2024-06-18 04:36:06_
--------
*0eee4f8037ad23499fdd97ea5cfa24c1*
`登陆天数: 26天 / 664天
等级: 130
石头: 4004
呼符: 308
体力: 19349.503333333334 / 138
友情点: 0 / 466705`
*連続ログイン5日目
※ログインが途切れるか、7日到達すると
1日目から再開されます*
`叡智の業火 X 2
6月交換券(2024) X 1
`*螺旋証明世界 リリムハーロット ～喝采なき薔薇～ アンケート復刻版
開幕記念 ログインボーナス*
*開催期間中、1日1回 最大21回 ログインボーナスをプレゼント！*
`白銀の果実 X 1
`_2024-06-18 04:36:14_
--------
