【登录信息】
*31ac18bfe256cc8fca8f83c12c2ca5bd*
`登陆天数: 28天 / 665天
等级: 130
石头: 4071
呼符: 230
体力: 29.77666666666667 / 138
友情点: 0 / 416880`
_2024-06-20 04:28:33_
--------
*e4265a4095a5863d590c4bb002c3b0f2*
`登陆天数: 28天 / 666天
等级: 130
石头: 4080
呼符: 36
体力: 29.75 / 138
友情点: 0 / 416430`
_2024-06-20 04:28:41_
--------
*c5099ce696cf7d31ce07216e4225b8b9*
`登陆天数: 28天 / 665天
等级: 130
石头: 4072
呼符: 326
体力: 29.72333333333333 / 138
友情点: 0 / 416155`
_2024-06-20 04:28:49_
--------
*0a2d4bd16a590a5f73bd6b95324f2853*
`登陆天数: 28天 / 665天
等级: 130
石头: 4065
呼符: 315
体力: 29.696666666666673 / 138
友情点: 0 / 417210`
_2024-06-20 04:28:58_
--------
*fec781dbff077368b5f3ecac372a969f*
`登陆天数: 28天 / 665天
等级: 130
石头: 4076
呼符: 280
体力: 29.67 / 138
友情点: 0 / 415960`
_2024-06-20 04:29:06_
--------
*cd2436e1f44a3cfe90db81460559f215*
`登陆天数: 28天 / 665天
等级: 130
石头: 4043
呼符: 214
体力: 29.64333333333333 / 138
友情点: 0 / 417110`
_2024-06-20 04:29:14_
--------
*d85bea5f2f8ea30fd0fa5a2d469c7615*
`登陆天数: 28天 / 665天
等级: 130
石头: 4081
呼符: 290
体力: 29.61666666666666 / 138
友情点: 0 / 417405`
_2024-06-20 04:29:22_
--------
*2bd899b5aa4538f5b8d1b4e14844171f*
`登陆天数: 28天 / 666天
等级: 130
石头: 4084
呼符: 211
体力: 29.590000000000003 / 138
友情点: 0 / 417075`
_2024-06-20 04:29:31_
--------
*8afa1b3c712ffad08d577e3d71ae0cf2*
`登陆天数: 28天 / 665天
等级: 130
石头: 4068
呼符: 158
体力: 29.563333333333333 / 138
友情点: 0 / 417440`
_2024-06-20 04:29:39_
--------
*3e56c92c0f4ca08a5a9dbd5c0912c124*
`登陆天数: 28天 / 665天
等级: 130
石头: 4061
呼符: 131
体力: 29.53666666666666 / 138
友情点: 0 / 416940`
_2024-06-20 04:29:47_
--------
*d273a3cfe1a88455a3867bdd6c5411a9*
`登陆天数: 28天 / 665天
等级: 130
石头: 4079
呼符: 319
体力: 29.510000000000005 / 138
友情点: 0 / 416575`
_2024-06-20 04:29:55_
--------
*e272a18248509eefcd1580a457042733*
`登陆天数: 28天 / 665天
等级: 130
石头: 4086
呼符: 171
体力: 29.480000000000004 / 138
友情点: 0 / 418035`
_2024-06-20 04:30:04_
--------
*c0b65391642eec0fc9990770e270f1f0*
`登陆天数: 28天 / 666天
等级: 130
石头: 4082
呼符: 248
体力: 29.456666666666663 / 138
友情点: 0 / 415655`
_2024-06-20 04:30:12_
--------
*d350ee0a9f1916eecd03edce2685e4b0*
`登陆天数: 28天 / 666天
等级: 130
石头: 4070
呼符: 271
体力: 29.430000000000007 / 138
友情点: 0 / 416670`
_2024-06-20 04:30:20_
--------
*081e422d5f03c7c6f998c01d5e343c36*
`登陆天数: 28天 / 665天
等级: 130
石头: 4069
呼符: 323
体力: 29.403333333333336 / 138
友情点: 0 / 416280`
_2024-06-20 04:30:28_
--------
*ecc5cdc190238dbea1e5321fd17aaee1*
`登陆天数: 28天 / 665天
等级: 130
石头: 4090
呼符: 241
体力: 29.376666666666665 / 138
友情点: 0 / 418045`
_2024-06-20 04:30:37_
--------
*80c8573c615717cd7753380e6282d13a*
`登陆天数: 28天 / 666天
等级: 130
石头: 4089
呼符: 323
体力: 29.349999999999994 / 138
友情点: 0 / 415945`
_2024-06-20 04:30:45_
--------
*77d0601d0248e0cfbe15512b825965ae*
`登陆天数: 28天 / 666天
等级: 130
石头: 4077
呼符: 318
体力: 29.323333333333338 / 138
友情点: 0 / 416845`
_2024-06-20 04:30:53_
--------
*eead8870a8d68b26662d3bfe418e75b2*
`登陆天数: 28天 / 665天
等级: 130
石头: 4071
呼符: 316
体力: 29.299999999999997 / 138
友情点: 0 / 417155`
_2024-06-20 04:31:01_
--------
*3dc0a20b713ecaaa4d1dfdc5c71f3dc8*
`登陆天数: 28天 / 665天
等级: 130
石头: 4083
呼符: 218
体力: 29.269999999999996 / 138
友情点: 0 / 417265`
_2024-06-20 04:31:09_
--------
*3a33ee4f4a8f0d48a36c0c023d9f3a2c*
`登陆天数: 28天 / 665天
等级: 130
石头: 4081
呼符: 310
体力: 29.24333333333334 / 138
友情点: 0 / 416220`
_2024-06-20 04:31:17_
--------
*dc2eb86246737b9ce989350484834207*
`登陆天数: 28天 / 665天
等级: 130
石头: 4079
呼符: 302
体力: 29.21666666666667 / 138
友情点: 0 / 416265`
_2024-06-20 04:31:25_
--------
*040a98d92aa6cb1f5d8c23f9ba8e7a03*
`登陆天数: 28天 / 666天
等级: 130
石头: 4087
呼符: 251
体力: 29.186666666666667 / 138
友情点: 0 / 415895`
_2024-06-20 04:31:33_
--------
*902f3fb38355282eec4fb79373d7faff*
`登陆天数: 28天 / 665天
等级: 130
石头: 4082
呼符: 331
体力: 29.163333333333327 / 138
友情点: 0 / 418070`
_2024-06-20 04:31:41_
--------
*87f6d6ae6aba3c3ccc8ba9dc4816c6f9*
`登陆天数: 28天 / 666天
等级: 130
石头: 4078
呼符: 285
体力: 29.13666666666667 / 138
友情点: 0 / 419355`
_2024-06-20 04:31:49_
--------
*e9fb649878ae8dc17a58a82ea989f0aa*
`登陆天数: 28天 / 665天
等级: 130
石头: 4059
呼符: 247
体力: 29.11 / 138
友情点: 0 / 418670`
_2024-06-20 04:31:58_
--------
*2c602a9b95859be7a0437ab5f4a27466*
`登陆天数: 28天 / 666天
等级: 130
石头: 4085
呼符: 235
体力: 29.08333333333333 / 138
友情点: 0 / 420190`
_2024-06-20 04:32:06_
--------
*02b9a6fe417b5d148bf481e9cfd6ebde*
`登陆天数: 28天 / 665天
等级: 130
石头: 4070
呼符: 256
体力: 29.056666666666672 / 138
友情点: 0 / 418125`
_2024-06-20 04:32:14_
--------
*b77d30f23261ef806f674c45166f7c2a*
`登陆天数: 28天 / 665天
等级: 130
石头: 4074
呼符: 277
体力: 29.03 / 138
友情点: 0 / 419810`
_2024-06-20 04:32:21_
--------
*d880582cd1dea11e86bd931426917a24*
`登陆天数: 28天 / 665天
等级: 130
石头: 4077
呼符: 288
体力: 29.00333333333333 / 138
友情点: 0 / 418280`
_2024-06-20 04:32:30_
--------
*317c92bc9dbb488a38d66a283bb00299*
`登陆天数: 28天 / 665天
等级: 130
石头: 4047
呼符: 86
体力: 28.97333333333333 / 138
友情点: 0 / 418285`
_2024-06-20 04:32:38_
--------
*f8fd16ffaa28b7a2f282e21b1bc9f08f*
`登陆天数: 28天 / 666天
等级: 130
石头: 4087
呼符: 327
体力: 28.950000000000003 / 138
友情点: 0 / 418185`
_2024-06-20 04:32:46_
--------
*abe8704055c898e1800b9cbd26cfbca9*
`登陆天数: 28天 / 666天
等级: 130
石头: 4083
呼符: 309
体力: 28.92 / 138
友情点: 0 / 418115`
_2024-06-20 04:32:54_
--------
*f887e626b3abf484eaaaa076095f80ce*
`登陆天数: 28天 / 666天
等级: 130
石头: 4083
呼符: 146
体力: 28.89666666666666 / 138
友情点: 0 / 419365`
_2024-06-20 04:33:02_
--------
*cdbdeccfd01bed477123077ddc12f8f2*
`登陆天数: 28天 / 666天
等级: 130
石头: 4045
呼符: 316
体力: 28.870000000000005 / 138
友情点: 0 / 419410`
_2024-06-20 04:33:10_
--------
*9245714ae863fbe82cb107532b27f768*
`登陆天数: 28天 / 666天
等级: 130
石头: 4073
呼符: 36
体力: 28.843333333333334 / 138
友情点: 0 / 421085`
_2024-06-20 04:33:18_
--------
*beee1d42aa302d906222634efb9e84be*
`登陆天数: 28天 / 665天
等级: 130
石头: 4066
呼符: 54
体力: 28.816666666666663 / 138
友情点: 0 / 417960`
_2024-06-20 04:33:26_
--------
*642e6979c8c0c9f6e5536b5b87480a82*
`登陆天数: 28天 / 665天
等级: 130
石头: 4091
呼符: 326
体力: 28.790000000000006 / 138
友情点: 0 / 419615`
_2024-06-20 04:33:35_
--------
*6a8c03f6928c237c298152cc70fb1350*
`登陆天数: 28天 / 665天
等级: 130
石头: 4081
呼符: 305
体力: 28.763333333333335 / 138
友情点: 0 / 418760`
_2024-06-20 04:33:43_
--------
*22c1ea96d8d5b434a0b2240789fa25e6*
`登陆天数: 28天 / 665天
等级: 130
石头: 4093
呼符: 35
体力: 28.739999999999995 / 138
友情点: 0 / 418205`
_2024-06-20 04:33:51_
--------
*dc7f25cf37a3fa7d7267dd3c9609c933*
`登陆天数: 28天 / 666天
等级: 130
石头: 4079
呼符: 326
体力: 28.71333333333334 / 138
友情点: 0 / 420060`
_2024-06-20 04:33:59_
--------
*8482c7bf215281a6c01672e5819f2bbd*
`登陆天数: 28天 / 665天
等级: 130
石头: 4080
呼符: 202
体力: 28.686666666666667 / 138
友情点: 0 / 418210`
_2024-06-20 04:34:07_
--------
*8708e662a3a9bd9c776bbba7323536ad*
`登陆天数: 28天 / 666天
等级: 130
石头: 4087
呼符: 273
体力: 28.659999999999997 / 138
友情点: 0 / 418770`
_2024-06-20 04:34:16_
--------
*cf7d89915610bcd7b37ca28ab638314c*
`登陆天数: 28天 / 665天
等级: 130
石头: 4080
呼符: 206
体力: 28.63333333333334 / 138
友情点: 0 / 419075`
_2024-06-20 04:34:23_
--------
*243eb74e763a406f44558ef21d614408*
`登陆天数: 28天 / 666天
等级: 130
石头: 4115
呼符: 308
体力: 28.61333333333333 / 138
友情点: 0 / 418410`
_2024-06-20 04:34:32_
--------
*87d09c5cde6848cfc7b1a06b657d6fdb*
`登陆天数: 28天 / 666天
等级: 130
石头: 4071
呼符: 330
体力: 28.586666666666673 / 138
友情点: 0 / 418145`
_2024-06-20 04:34:40_
--------
*e9f795a47687fbd8c7e77bbda427e736*
`登陆天数: 28天 / 665天
等级: 130
石头: 4077
呼符: 152
体力: 28.560000000000002 / 138
友情点: 0 / 419170`
_2024-06-20 04:34:48_
--------
*b5664ff41e27985c0b63aa7c87ea21c7*
`登陆天数: 28天 / 666天
等级: 130
石头: 4070
呼符: 94
体力: 28.53333333333333 / 138
友情点: 0 / 421895`
_2024-06-20 04:34:56_
--------
*3da2eb4f55a8ae481d18547b498596e4*
`登陆天数: 28天 / 665天
等级: 130
石头: 4019
呼符: 194
体力: 19925.27666666667 / 138
友情点: 0 / 469105`
_2024-06-20 04:35:05_
--------
*0eee4f8037ad23499fdd97ea5cfa24c1*
`登陆天数: 28天 / 666天
等级: 130
石头: 4004
呼符: 308
体力: 19925.303333333333 / 138
友情点: 0 / 466705`
*連続ログイン6日目
※ログインが途切れるか、7日到達すると
1日目から再開されます*
`聖晶石 X 2
6月交換券(2024) X 1
`*「踊るドラゴン・キャッスル！ ～深海の姫君とふたつの宝玉～」
開幕直前特別ログインボーナス*
*開催期間中、1日1回 最大7回 ログインボーナスをプレゼント！*
`聖晶石 X 1
`_2024-06-20 04:35:13_
--------
