【登录信息】
*31ac18bfe256cc8fca8f83c12c2ca5bd*
`登陆天数: 29天 / 666天
等级: 130
石头: 4071
呼符: 230
体力: 29.766666666666666 / 138
友情点: 0 / 412880`
_2024-06-21 04:30:33_
--------
*e4265a4095a5863d590c4bb002c3b0f2*
`登陆天数: 29天 / 667天
等级: 130
石头: 4080
呼符: 36
体力: 29.736666666666665 / 138
友情点: 0 / 412430`
_2024-06-21 04:30:41_
--------
*c5099ce696cf7d31ce07216e4225b8b9*
`登陆天数: 29天 / 666天
等级: 130
石头: 4072
呼符: 326
体力: 29.709999999999994 / 138
友情点: 0 / 412155`
_2024-06-21 04:30:49_
--------
*0a2d4bd16a590a5f73bd6b95324f2853*
`登陆天数: 29天 / 666天
等级: 130
石头: 4065
呼符: 315
体力: 29.680000000000007 / 138
友情点: 0 / 413210`
_2024-06-21 04:30:57_
--------
*fec781dbff077368b5f3ecac372a969f*
`登陆天数: 29天 / 666天
等级: 130
石头: 4076
呼符: 280
体力: 29.653333333333336 / 138
友情点: 0 / 411960`
_2024-06-21 04:31:05_
--------
*cd2436e1f44a3cfe90db81460559f215*
`登陆天数: 29天 / 666天
等级: 130
石头: 4043
呼符: 214
体力: 29.620000000000005 / 138
友情点: 0 / 413110`
_2024-06-21 04:31:13_
--------
*d85bea5f2f8ea30fd0fa5a2d469c7615*
`登陆天数: 29天 / 666天
等级: 130
石头: 4081
呼符: 290
体力: 29.596666666666664 / 138
友情点: 0 / 413405`
_2024-06-21 04:31:21_
--------
*2bd899b5aa4538f5b8d1b4e14844171f*
`登陆天数: 29天 / 667天
等级: 130
石头: 4084
呼符: 211
体力: 29.566666666666663 / 138
友情点: 0 / 413075`
_2024-06-21 04:31:29_
--------
*8afa1b3c712ffad08d577e3d71ae0cf2*
`登陆天数: 29天 / 666天
等级: 130
石头: 4068
呼符: 158
体力: 29.540000000000006 / 138
友情点: 0 / 413440`
_2024-06-21 04:31:37_
--------
*3e56c92c0f4ca08a5a9dbd5c0912c124*
`登陆天数: 29天 / 666天
等级: 130
石头: 4061
呼符: 131
体力: 29.513333333333335 / 138
友情点: 0 / 412940`
_2024-06-21 04:31:45_
--------
*d273a3cfe1a88455a3867bdd6c5411a9*
`登陆天数: 29天 / 666天
等级: 130
石头: 4079
呼符: 319
体力: 29.486666666666665 / 138
友情点: 0 / 412575`
_2024-06-21 04:31:53_
--------
*e272a18248509eefcd1580a457042733*
`登陆天数: 29天 / 666天
等级: 130
石头: 4086
呼符: 171
体力: 29.453333333333333 / 138
友情点: 0 / 414035`
_2024-06-21 04:32:01_
--------
*c0b65391642eec0fc9990770e270f1f0*
`登陆天数: 29天 / 667天
等级: 130
石头: 4082
呼符: 248
体力: 29.426666666666662 / 138
友情点: 0 / 411655`
_2024-06-21 04:32:09_
--------
*d350ee0a9f1916eecd03edce2685e4b0*
`登陆天数: 29天 / 667天
等级: 130
石头: 4070
呼符: 271
体力: 29.39666666666666 / 138
友情点: 0 / 412670`
_2024-06-21 04:32:17_
--------
*081e422d5f03c7c6f998c01d5e343c36*
`登陆天数: 29天 / 666天
等级: 130
石头: 4069
呼符: 323
体力: 29.36666666666666 / 138
友情点: 0 / 412280`
_2024-06-21 04:32:25_
--------
*ecc5cdc190238dbea1e5321fd17aaee1*
`登陆天数: 29天 / 666天
等级: 130
石头: 4090
呼符: 241
体力: 29.340000000000003 / 138
友情点: 0 / 414045`
_2024-06-21 04:32:33_
--------
*80c8573c615717cd7753380e6282d13a*
`登陆天数: 29天 / 667天
等级: 130
石头: 4089
呼符: 323
体力: 29.313333333333333 / 138
友情点: 0 / 411945`
_2024-06-21 04:32:41_
--------
*77d0601d0248e0cfbe15512b825965ae*
`登陆天数: 29天 / 667天
等级: 130
石头: 4077
呼符: 318
体力: 29.28333333333333 / 138
友情点: 0 / 412845`
_2024-06-21 04:32:49_
--------
*eead8870a8d68b26662d3bfe418e75b2*
`登陆天数: 29天 / 666天
等级: 130
石头: 4071
呼符: 316
体力: 29.25333333333333 / 138
友情点: 0 / 413155`
_2024-06-21 04:32:57_
--------
*3dc0a20b713ecaaa4d1dfdc5c71f3dc8*
`登陆天数: 29天 / 666天
等级: 130
石头: 4083
呼符: 218
体力: 29.22333333333333 / 138
友情点: 0 / 413265`
_2024-06-21 04:33:05_
--------
*3a33ee4f4a8f0d48a36c0c023d9f3a2c*
`登陆天数: 29天 / 666天
等级: 130
石头: 4081
呼符: 310
体力: 29.196666666666673 / 138
友情点: 0 / 412220`
_2024-06-21 04:33:13_
--------
*dc2eb86246737b9ce989350484834207*
`登陆天数: 29天 / 666天
等级: 130
石头: 4079
呼符: 302
体力: 29.16666666666667 / 138
友情点: 0 / 412265`
_2024-06-21 04:33:21_
--------
*040a98d92aa6cb1f5d8c23f9ba8e7a03*
`登陆天数: 29天 / 667天
等级: 130
石头: 4087
呼符: 251
体力: 29.13666666666667 / 138
友情点: 0 / 411895`
_2024-06-21 04:33:29_
--------
*902f3fb38355282eec4fb79373d7faff*
`登陆天数: 29天 / 666天
等级: 130
石头: 4082
呼符: 331
体力: 29.11333333333333 / 138
友情点: 0 / 414070`
_2024-06-21 04:33:37_
--------
*87f6d6ae6aba3c3ccc8ba9dc4816c6f9*
`登陆天数: 29天 / 667天
等级: 130
石头: 4078
呼符: 285
体力: 29.086666666666673 / 138
友情点: 0 / 415355`
_2024-06-21 04:33:45_
--------
*e9fb649878ae8dc17a58a82ea989f0aa*
`登陆天数: 29天 / 666天
等级: 130
石头: 4059
呼符: 247
体力: 29.056666666666672 / 138
友情点: 0 / 414670`
_2024-06-21 04:33:54_
--------
*2c602a9b95859be7a0437ab5f4a27466*
`登陆天数: 29天 / 667天
等级: 130
石头: 4085
呼符: 235
体力: 29.03333333333333 / 138
友情点: 0 / 416190`
_2024-06-21 04:34:02_
--------
*02b9a6fe417b5d148bf481e9cfd6ebde*
`登陆天数: 29天 / 666天
等级: 130
石头: 4070
呼符: 256
体力: 29.0 / 138
友情点: 0 / 414125`
_2024-06-21 04:34:10_
--------
*b77d30f23261ef806f674c45166f7c2a*
`登陆天数: 29天 / 666天
等级: 130
石头: 4074
呼符: 277
体力: 28.97333333333333 / 138
友情点: 0 / 415810`
_2024-06-21 04:34:18_
--------
*d880582cd1dea11e86bd931426917a24*
`登陆天数: 29天 / 666天
等级: 130
石头: 4077
呼符: 288
体力: 28.946666666666673 / 138
友情点: 0 / 414280`
_2024-06-21 04:34:26_
--------
*317c92bc9dbb488a38d66a283bb00299*
`登陆天数: 29天 / 666天
等级: 130
石头: 4047
呼符: 86
体力: 28.913333333333327 / 138
友情点: 0 / 414285`
_2024-06-21 04:34:34_
--------
*f8fd16ffaa28b7a2f282e21b1bc9f08f*
`登陆天数: 29天 / 667天
等级: 130
石头: 4087
呼符: 327
体力: 28.88666666666667 / 138
友情点: 0 / 414185`
_2024-06-21 04:34:42_
--------
*abe8704055c898e1800b9cbd26cfbca9*
`登陆天数: 29天 / 667天
等级: 130
石头: 4083
呼符: 309
体力: 28.86 / 138
友情点: 0 / 414115`
_2024-06-21 04:34:50_
--------
*f887e626b3abf484eaaaa076095f80ce*
`登陆天数: 29天 / 667天
等级: 130
石头: 4083
呼符: 146
体力: 28.83 / 138
友情点: 0 / 415365`
_2024-06-21 04:34:58_
--------
*cdbdeccfd01bed477123077ddc12f8f2*
`登陆天数: 29天 / 667天
等级: 130
石头: 4045
呼符: 316
体力: 28.803333333333327 / 138
友情点: 0 / 415410`
_2024-06-21 04:35:06_
--------
*9245714ae863fbe82cb107532b27f768*
`登陆天数: 29天 / 667天
等级: 130
石头: 4073
呼符: 36
体力: 28.773333333333326 / 138
友情点: 0 / 417085`
_2024-06-21 04:35:14_
--------
*beee1d42aa302d906222634efb9e84be*
`登陆天数: 29天 / 666天
等级: 130
石头: 4066
呼符: 54
体力: 28.74333333333334 / 138
友情点: 0 / 413960`
_2024-06-21 04:35:23_
--------
*642e6979c8c0c9f6e5536b5b87480a82*
`登陆天数: 29天 / 666天
等级: 130
石头: 4091
呼符: 326
体力: 28.71666666666667 / 138
友情点: 0 / 415615`
_2024-06-21 04:35:31_
--------
*6a8c03f6928c237c298152cc70fb1350*
`登陆天数: 29天 / 666天
等级: 130
石头: 4081
呼符: 305
体力: 28.686666666666667 / 138
友情点: 0 / 414760`
_2024-06-21 04:35:39_
--------
*22c1ea96d8d5b434a0b2240789fa25e6*
`登陆天数: 29天 / 666天
等级: 130
石头: 4093
呼符: 35
体力: 28.650000000000006 / 138
友情点: 0 / 414205`
_2024-06-21 04:35:47_
--------
*dc7f25cf37a3fa7d7267dd3c9609c933*
`登陆天数: 29天 / 667天
等级: 130
石头: 4079
呼符: 326
体力: 28.620000000000005 / 138
友情点: 0 / 416060`
_2024-06-21 04:35:55_
--------
*8482c7bf215281a6c01672e5819f2bbd*
`登陆天数: 29天 / 666天
等级: 130
石头: 4080
呼符: 202
体力: 28.590000000000003 / 138
友情点: 0 / 414210`
_2024-06-21 04:36:03_
--------
*8708e662a3a9bd9c776bbba7323536ad*
`登陆天数: 29天 / 667天
等级: 130
石头: 4087
呼符: 273
体力: 28.563333333333333 / 138
友情点: 0 / 414770`
_2024-06-21 04:36:10_
--------
*cf7d89915610bcd7b37ca28ab638314c*
`登陆天数: 29天 / 666天
等级: 130
石头: 4080
呼符: 206
体力: 28.53333333333333 / 138
友情点: 0 / 415075`
_2024-06-21 04:36:18_
--------
*243eb74e763a406f44558ef21d614408*
`登陆天数: 29天 / 667天
等级: 130
石头: 4115
呼符: 308
体力: 28.50666666666666 / 138
友情点: 0 / 414410`
_2024-06-21 04:36:26_
--------
*87d09c5cde6848cfc7b1a06b657d6fdb*
`登陆天数: 29天 / 667天
等级: 130
石头: 4071
呼符: 330
体力: 28.476666666666674 / 138
友情点: 0 / 414145`
_2024-06-21 04:36:34_
--------
*e9f795a47687fbd8c7e77bbda427e736*
`登陆天数: 29天 / 666天
等级: 130
石头: 4077
呼符: 152
体力: 28.450000000000003 / 138
友情点: 0 / 415170`
_2024-06-21 04:36:42_
--------
*b5664ff41e27985c0b63aa7c87ea21c7*
`登陆天数: 29天 / 667天
等级: 130
石头: 4070
呼符: 94
体力: 28.42 / 138
友情点: 0 / 417895`
_2024-06-21 04:36:50_
--------
*3da2eb4f55a8ae481d18547b498596e4*
`登陆天数: 29天 / 666天
等级: 130
石头: 4019
呼符: 194
体力: 20213.656666666666 / 138
友情点: 0 / 469105`
_2024-06-21 04:36:59_
--------
*0eee4f8037ad23499fdd97ea5cfa24c1*
`登陆天数: 29天 / 667天
等级: 130
石头: 4004
呼符: 308
体力: 20213.68 / 138
友情点: 0 / 466705`
*連続ログイン1日目
※ログインが途切れるか、7日到達すると
1日目から再開されます*
`フレンドポイント X 2000
6月交換券(2024) X 1
`*「踊るドラゴン・キャッスル！ ～深海の姫君とふたつの宝玉～」
開幕直前特別ログインボーナス*
*開催期間中、1日1回 最大7回 ログインボーナスをプレゼント！*
`黄金の果実 X 1
`_2024-06-21 04:37:06_
--------
