【登录信息】
*31ac18bfe256cc8fca8f83c12c2ca5bd*
`登陆天数: 30天 / 667天
等级: 130
石头: 4072
呼符: 231
体力: 29.343333333333334 / 138
友情点: 0 / 406880`
_2024-06-22 04:28:32_
--------
*e4265a4095a5863d590c4bb002c3b0f2*
`登陆天数: 30天 / 668天
等级: 130
石头: 4081
呼符: 37
体力: 29.313333333333333 / 138
友情点: 0 / 406430`
_2024-06-22 04:28:39_
--------
*c5099ce696cf7d31ce07216e4225b8b9*
`登陆天数: 30天 / 667天
等级: 130
石头: 4073
呼符: 327
体力: 29.28 / 138
友情点: 0 / 406155`
_2024-06-22 04:28:47_
--------
*0a2d4bd16a590a5f73bd6b95324f2853*
`登陆天数: 30天 / 667天
等级: 130
石头: 4066
呼符: 316
体力: 29.25 / 138
友情点: 0 / 407210`
_2024-06-22 04:28:54_
--------
*fec781dbff077368b5f3ecac372a969f*
`登陆天数: 30天 / 667天
等级: 130
石头: 4077
呼符: 281
体力: 29.22333333333333 / 138
友情点: 0 / 405960`
_2024-06-22 04:29:02_
--------
*cd2436e1f44a3cfe90db81460559f215*
`登陆天数: 30天 / 667天
等级: 130
石头: 4044
呼符: 215
体力: 29.189999999999998 / 138
友情点: 0 / 407110`
_2024-06-22 04:29:10_
--------
*d85bea5f2f8ea30fd0fa5a2d469c7615*
`登陆天数: 30天 / 667天
等级: 130
石头: 4082
呼符: 291
体力: 29.163333333333327 / 138
友情点: 0 / 407405`
_2024-06-22 04:29:18_
--------
*2bd899b5aa4538f5b8d1b4e14844171f*
`登陆天数: 30天 / 668天
等级: 130
石头: 4085
呼符: 212
体力: 29.129999999999995 / 138
友情点: 0 / 407075`
_2024-06-22 04:29:25_
--------
*8afa1b3c712ffad08d577e3d71ae0cf2*
`登陆天数: 30天 / 667天
等级: 130
石头: 4069
呼符: 159
体力: 29.10333333333334 / 138
友情点: 0 / 407440`
_2024-06-22 04:29:33_
--------
*3e56c92c0f4ca08a5a9dbd5c0912c124*
`登陆天数: 30天 / 667天
等级: 130
石头: 4062
呼符: 132
体力: 29.069999999999993 / 138
友情点: 0 / 406940`
_2024-06-22 04:29:41_
--------
*d273a3cfe1a88455a3867bdd6c5411a9*
`登陆天数: 30天 / 667天
等级: 130
石头: 4080
呼符: 320
体力: 29.040000000000006 / 138
友情点: 0 / 406575`
_2024-06-22 04:29:49_
--------
*e272a18248509eefcd1580a457042733*
`登陆天数: 30天 / 667天
等级: 130
石头: 4087
呼符: 172
体力: 29.010000000000005 / 138
友情点: 0 / 408035`
_2024-06-22 04:29:56_
--------
*c0b65391642eec0fc9990770e270f1f0*
`登陆天数: 30天 / 668天
等级: 130
石头: 4083
呼符: 249
体力: 28.980000000000004 / 138
友情点: 0 / 405655`
_2024-06-22 04:30:04_
--------
*d350ee0a9f1916eecd03edce2685e4b0*
`登陆天数: 30天 / 668天
等级: 130
石头: 4071
呼符: 272
体力: 28.950000000000003 / 138
友情点: 0 / 406670`
_2024-06-22 04:30:11_
--------
*081e422d5f03c7c6f998c01d5e343c36*
`登陆天数: 30天 / 667天
等级: 130
石头: 4070
呼符: 324
体力: 28.91666666666667 / 138
友情点: 0 / 406280`
_2024-06-22 04:30:19_
--------
*ecc5cdc190238dbea1e5321fd17aaee1*
`登陆天数: 30天 / 667天
等级: 130
石头: 4091
呼符: 242
体力: 28.89 / 138
友情点: 0 / 408045`
_2024-06-22 04:30:27_
--------
*80c8573c615717cd7753380e6282d13a*
`登陆天数: 30天 / 668天
等级: 130
石头: 4090
呼符: 324
体力: 28.86 / 138
友情点: 0 / 405945`
_2024-06-22 04:30:35_
--------
*77d0601d0248e0cfbe15512b825965ae*
`登陆天数: 30天 / 668天
等级: 130
石头: 4078
呼符: 319
体力: 28.83333333333333 / 138
友情点: 0 / 406845`
_2024-06-22 04:30:43_
--------
*eead8870a8d68b26662d3bfe418e75b2*
`登陆天数: 30天 / 667天
等级: 130
石头: 4072
呼符: 317
体力: 28.803333333333327 / 138
友情点: 0 / 407155`
_2024-06-22 04:30:50_
--------
*3dc0a20b713ecaaa4d1dfdc5c71f3dc8*
`登陆天数: 30天 / 667天
等级: 130
石头: 4084
呼符: 219
体力: 28.769999999999996 / 138
友情点: 0 / 407265`
_2024-06-22 04:30:58_
--------
*3a33ee4f4a8f0d48a36c0c023d9f3a2c*
`登陆天数: 30天 / 667天
等级: 130
石头: 4082
呼符: 311
体力: 28.74333333333334 / 138
友情点: 0 / 406220`
_2024-06-22 04:31:05_
--------
*dc2eb86246737b9ce989350484834207*
`登陆天数: 30天 / 667天
等级: 130
石头: 4080
呼符: 303
体力: 28.71333333333334 / 138
友情点: 0 / 406265`
_2024-06-22 04:31:13_
--------
*040a98d92aa6cb1f5d8c23f9ba8e7a03*
`登陆天数: 30天 / 668天
等级: 130
石头: 4088
呼符: 252
体力: 28.683333333333337 / 138
友情点: 0 / 405895`
_2024-06-22 04:31:21_
--------
*902f3fb38355282eec4fb79373d7faff*
`登陆天数: 30天 / 667天
等级: 130
石头: 4083
呼符: 332
体力: 28.653333333333336 / 138
友情点: 0 / 408070`
_2024-06-22 04:31:28_
--------
*87f6d6ae6aba3c3ccc8ba9dc4816c6f9*
`登陆天数: 30天 / 668天
等级: 130
石头: 4079
呼符: 286
体力: 28.626666666666665 / 138
友情点: 0 / 409355`
_2024-06-22 04:31:37_
--------
*e9fb649878ae8dc17a58a82ea989f0aa*
`登陆天数: 30天 / 667天
等级: 130
石头: 4060
呼符: 248
体力: 28.599999999999994 / 138
友情点: 0 / 408670`
_2024-06-22 04:31:44_
--------
*2c602a9b95859be7a0437ab5f4a27466*
`登陆天数: 30天 / 668天
等级: 130
石头: 4086
呼符: 236
体力: 28.566666666666663 / 138
友情点: 0 / 410190`
_2024-06-22 04:31:52_
--------
*02b9a6fe417b5d148bf481e9cfd6ebde*
`登陆天数: 30天 / 667天
等级: 130
石头: 4071
呼符: 257
体力: 28.53666666666666 / 138
友情点: 0 / 408125`
_2024-06-22 04:31:59_
--------
*b77d30f23261ef806f674c45166f7c2a*
`登陆天数: 30天 / 667天
等级: 130
石头: 4075
呼符: 278
体力: 28.50666666666666 / 138
友情点: 0 / 409810`
_2024-06-22 04:32:07_
--------
*d880582cd1dea11e86bd931426917a24*
`登陆天数: 30天 / 667天
等级: 130
石头: 4078
呼符: 289
体力: 28.47333333333333 / 138
友情点: 0 / 408280`
_2024-06-22 04:32:15_
--------
*317c92bc9dbb488a38d66a283bb00299*
`登陆天数: 30天 / 667天
等级: 130
石头: 4048
呼符: 87
体力: 28.446666666666673 / 138
友情点: 0 / 408285`
_2024-06-22 04:32:23_
--------
*f8fd16ffaa28b7a2f282e21b1bc9f08f*
`登陆天数: 30天 / 668天
等级: 130
石头: 4088
呼符: 328
体力: 28.42 / 138
友情点: 0 / 408185`
_2024-06-22 04:32:30_
--------
*abe8704055c898e1800b9cbd26cfbca9*
`登陆天数: 30天 / 668天
等级: 130
石头: 4084
呼符: 310
体力: 28.39 / 138
友情点: 0 / 408115`
_2024-06-22 04:32:38_
--------
*f887e626b3abf484eaaaa076095f80ce*
`登陆天数: 30天 / 668天
等级: 130
石头: 4084
呼符: 147
体力: 28.36 / 138
友情点: 0 / 409365`
_2024-06-22 04:32:46_
--------
*cdbdeccfd01bed477123077ddc12f8f2*
`登陆天数: 30天 / 668天
等级: 130
石头: 4046
呼符: 317
体力: 28.33 / 138
友情点: 0 / 409410`
_2024-06-22 04:32:53_
--------
*9245714ae863fbe82cb107532b27f768*
`登陆天数: 30天 / 668天
等级: 130
石头: 4074
呼符: 37
体力: 28.299999999999997 / 138
友情点: 0 / 411085`
_2024-06-22 04:33:01_
--------
*beee1d42aa302d906222634efb9e84be*
`登陆天数: 30天 / 667天
等级: 130
石头: 4067
呼符: 55
体力: 28.269999999999996 / 138
友情点: 0 / 407960`
_2024-06-22 04:33:09_
--------
*642e6979c8c0c9f6e5536b5b87480a82*
`登陆天数: 30天 / 667天
等级: 130
石头: 4092
呼符: 327
体力: 28.24333333333334 / 138
友情点: 0 / 409615`
_2024-06-22 04:33:17_
--------
*6a8c03f6928c237c298152cc70fb1350*
`登陆天数: 30天 / 667天
等级: 130
石头: 4082
呼符: 306
体力: 28.21666666666667 / 138
友情点: 0 / 408760`
_2024-06-22 04:33:24_
--------
*22c1ea96d8d5b434a0b2240789fa25e6*
`登陆天数: 30天 / 667天
等级: 130
石头: 4094
呼符: 36
体力: 28.186666666666667 / 138
友情点: 0 / 408205`
_2024-06-22 04:33:32_
--------
*dc7f25cf37a3fa7d7267dd3c9609c933*
`登陆天数: 30天 / 668天
等级: 130
石头: 4080
呼符: 327
体力: 28.156666666666666 / 138
友情点: 0 / 410060`
_2024-06-22 04:33:40_
--------
*8482c7bf215281a6c01672e5819f2bbd*
`登陆天数: 30天 / 667天
等级: 130
石头: 4081
呼符: 203
体力: 28.123333333333335 / 138
友情点: 0 / 408210`
_2024-06-22 04:33:48_
--------
*8708e662a3a9bd9c776bbba7323536ad*
`登陆天数: 30天 / 668天
等级: 130
石头: 4088
呼符: 274
体力: 28.096666666666664 / 138
友情点: 0 / 408770`
_2024-06-22 04:33:56_
--------
*cf7d89915610bcd7b37ca28ab638314c*
`登陆天数: 30天 / 667天
等级: 130
石头: 4081
呼符: 207
体力: 28.069999999999993 / 138
友情点: 0 / 409075`
_2024-06-22 04:34:03_
--------
*243eb74e763a406f44558ef21d614408*
`登陆天数: 30天 / 668天
等级: 130
石头: 4116
呼符: 309
体力: 28.040000000000006 / 138
友情点: 0 / 408410`
_2024-06-22 04:34:11_
--------
*87d09c5cde6848cfc7b1a06b657d6fdb*
`登陆天数: 30天 / 668天
等级: 130
石头: 4072
呼符: 331
体力: 28.00666666666666 / 138
友情点: 0 / 408145`
_2024-06-22 04:34:19_
--------
*e9f795a47687fbd8c7e77bbda427e736*
`登陆天数: 30天 / 667天
等级: 130
石头: 4078
呼符: 153
体力: 27.980000000000004 / 138
友情点: 0 / 409170`
_2024-06-22 04:34:26_
--------
*b5664ff41e27985c0b63aa7c87ea21c7*
`登陆天数: 30天 / 668天
等级: 130
石头: 4071
呼符: 95
体力: 27.950000000000003 / 138
友情点: 0 / 411895`
_2024-06-22 04:34:34_
--------
*3da2eb4f55a8ae481d18547b498596e4*
`登陆天数: 30天 / 667天
等级: 130
石头: 4019
呼符: 194
体力: 20501.2 / 138
友情点: 0 / 469105`
_2024-06-22 04:34:42_
--------
*0eee4f8037ad23499fdd97ea5cfa24c1*
`登陆天数: 30天 / 668天
等级: 130
石头: 4004
呼符: 308
体力: 20501.22333333333 / 138
友情点: 0 / 466705`
*連続ログイン2日目
※ログインが途切れるか、7日到達すると
1日目から再開されます*
`聖晶石 X 1
6月交換券(2024) X 1
`*幕間の物語キャンペーン 第20弾 特別ログインボーナス*
*開催期間中、1日1回 最大5回 特別ログインボーナスをプレゼント！*
`呼符 X 1
`_2024-06-22 04:34:50_
--------
