【登录信息】
*31ac18bfe256cc8fca8f83c12c2ca5bd*
`登陆天数: 31天 / 668天
等级: 130
石头: 4073
呼符: 231
体力: 30.196666666666673 / 138
友情点: 0 / 400880`
_2024-06-23 04:29:22_
--------
*e4265a4095a5863d590c4bb002c3b0f2*
`登陆天数: 31天 / 669天
等级: 130
石头: 4082
呼符: 37
体力: 30.17 / 138
友情点: 0 / 400430`
_2024-06-23 04:29:30_
--------
*c5099ce696cf7d31ce07216e4225b8b9*
`登陆天数: 31天 / 668天
等级: 130
石头: 4074
呼符: 327
体力: 30.14 / 138
友情点: 0 / 400155`
_2024-06-23 04:29:38_
--------
*0a2d4bd16a590a5f73bd6b95324f2853*
`登陆天数: 31天 / 668天
等级: 130
石头: 4067
呼符: 316
体力: 30.11333333333333 / 138
友情点: 0 / 401210`
_2024-06-23 04:29:46_
--------
*fec781dbff077368b5f3ecac372a969f*
`登陆天数: 31天 / 668天
等级: 130
石头: 4078
呼符: 281
体力: 30.086666666666673 / 138
友情点: 0 / 399960`
_2024-06-23 04:29:54_
--------
*cd2436e1f44a3cfe90db81460559f215*
`登陆天数: 31天 / 668天
等级: 130
石头: 4045
呼符: 215
体力: 30.056666666666672 / 138
友情点: 0 / 401110`
_2024-06-23 04:30:02_
--------
*d85bea5f2f8ea30fd0fa5a2d469c7615*
`登陆天数: 31天 / 668天
等级: 130
石头: 4083
呼符: 291
体力: 30.03 / 138
友情点: 0 / 401405`
_2024-06-23 04:30:10_
--------
*2bd899b5aa4538f5b8d1b4e14844171f*
`登陆天数: 31天 / 669天
等级: 130
石头: 4086
呼符: 212
体力: 30.00333333333333 / 138
友情点: 0 / 401075`
_2024-06-23 04:30:18_
--------
*8afa1b3c712ffad08d577e3d71ae0cf2*
`登陆天数: 31天 / 668天
等级: 130
石头: 4070
呼符: 159
体力: 29.97333333333333 / 138
友情点: 0 / 401440`
_2024-06-23 04:30:27_
--------
*3e56c92c0f4ca08a5a9dbd5c0912c124*
`登陆天数: 31天 / 668天
等级: 130
石头: 4063
呼符: 132
体力: 29.946666666666673 / 138
友情点: 0 / 400940`
_2024-06-23 04:30:35_
--------
*d273a3cfe1a88455a3867bdd6c5411a9*
`登陆天数: 31天 / 668天
等级: 130
石头: 4081
呼符: 320
体力: 29.92 / 138
友情点: 0 / 400575`
_2024-06-23 04:30:43_
--------
*e272a18248509eefcd1580a457042733*
`登陆天数: 31天 / 668天
等级: 130
石头: 4088
呼符: 172
体力: 29.89 / 138
友情点: 0 / 402035`
_2024-06-23 04:30:51_
--------
*c0b65391642eec0fc9990770e270f1f0*
`登陆天数: 31天 / 669天
等级: 130
石头: 4084
呼符: 249
体力: 29.86 / 138
友情点: 0 / 399655`
_2024-06-23 04:30:59_
--------
*d350ee0a9f1916eecd03edce2685e4b0*
`登陆天数: 31天 / 669天
等级: 130
石头: 4072
呼符: 272
体力: 29.836666666666673 / 138
友情点: 0 / 400670`
_2024-06-23 04:31:07_
--------
*081e422d5f03c7c6f998c01d5e343c36*
`登陆天数: 31天 / 668天
等级: 130
石头: 4071
呼符: 324
体力: 29.810000000000002 / 138
友情点: 0 / 400280`
_2024-06-23 04:31:15_
--------
*ecc5cdc190238dbea1e5321fd17aaee1*
`登陆天数: 31天 / 668天
等级: 130
石头: 4092
呼符: 242
体力: 29.78 / 138
友情点: 0 / 402045`
_2024-06-23 04:31:23_
--------
*80c8573c615717cd7753380e6282d13a*
`登陆天数: 31天 / 669天
等级: 130
石头: 4091
呼符: 324
体力: 29.75333333333333 / 138
友情点: 0 / 399945`
_2024-06-23 04:31:31_
--------
*77d0601d0248e0cfbe15512b825965ae*
`登陆天数: 31天 / 669天
等级: 130
石头: 4079
呼符: 319
体力: 29.726666666666674 / 138
友情点: 0 / 400845`
_2024-06-23 04:31:40_
--------
*eead8870a8d68b26662d3bfe418e75b2*
`登陆天数: 31天 / 668天
等级: 130
石头: 4073
呼符: 317
体力: 29.700000000000003 / 138
友情点: 0 / 401155`
_2024-06-23 04:31:47_
--------
*3dc0a20b713ecaaa4d1dfdc5c71f3dc8*
`登陆天数: 31天 / 668天
等级: 130
石头: 4085
呼符: 219
体力: 29.676666666666662 / 138
友情点: 0 / 401265`
_2024-06-23 04:31:56_
--------
*3a33ee4f4a8f0d48a36c0c023d9f3a2c*
`登陆天数: 31天 / 668天
等级: 130
石头: 4083
呼符: 311
体力: 29.650000000000006 / 138
友情点: 0 / 400220`
_2024-06-23 04:32:04_
--------
*dc2eb86246737b9ce989350484834207*
`登陆天数: 31天 / 668天
等级: 130
石头: 4081
呼符: 303
体力: 29.620000000000005 / 138
友情点: 0 / 400265`
_2024-06-23 04:32:12_
--------
*040a98d92aa6cb1f5d8c23f9ba8e7a03*
`登陆天数: 31天 / 669天
等级: 130
石头: 4089
呼符: 252
体力: 29.593333333333334 / 138
友情点: 0 / 399895`
_2024-06-23 04:32:20_
--------
*902f3fb38355282eec4fb79373d7faff*
`登陆天数: 31天 / 668天
等级: 130
石头: 4084
呼符: 332
体力: 29.563333333333333 / 138
友情点: 0 / 402070`
_2024-06-23 04:32:29_
--------
*87f6d6ae6aba3c3ccc8ba9dc4816c6f9*
`登陆天数: 31天 / 669天
等级: 130
石头: 4080
呼符: 286
体力: 29.540000000000006 / 138
友情点: 0 / 403355`
_2024-06-23 04:32:37_
--------
*e9fb649878ae8dc17a58a82ea989f0aa*
`登陆天数: 31天 / 668天
等级: 130
石头: 4061
呼符: 248
体力: 29.513333333333335 / 138
友情点: 0 / 402670`
_2024-06-23 04:32:45_
--------
*2c602a9b95859be7a0437ab5f4a27466*
`登陆天数: 31天 / 669天
等级: 130
石头: 4087
呼符: 236
体力: 29.486666666666665 / 138
友情点: 0 / 404190`
_2024-06-23 04:32:53_
--------
*02b9a6fe417b5d148bf481e9cfd6ebde*
`登陆天数: 31天 / 668天
等级: 130
石头: 4072
呼符: 257
体力: 29.456666666666663 / 138
友情点: 0 / 402125`
_2024-06-23 04:33:01_
--------
*b77d30f23261ef806f674c45166f7c2a*
`登陆天数: 31天 / 668天
等级: 130
石头: 4076
呼符: 278
体力: 29.430000000000007 / 138
友情点: 0 / 403810`
_2024-06-23 04:33:10_
--------
*d880582cd1dea11e86bd931426917a24*
`登陆天数: 31天 / 668天
等级: 130
石头: 4079
呼符: 289
体力: 29.403333333333336 / 138
友情点: 0 / 402280`
_2024-06-23 04:33:18_
--------
*317c92bc9dbb488a38d66a283bb00299*
`登陆天数: 31天 / 668天
等级: 130
石头: 4049
呼符: 87
体力: 29.373333333333335 / 138
友情点: 0 / 402285`
_2024-06-23 04:33:26_
--------
*f8fd16ffaa28b7a2f282e21b1bc9f08f*
`登陆天数: 31天 / 669天
等级: 130
石头: 4089
呼符: 328
体力: 29.346666666666664 / 138
友情点: 0 / 402185`
_2024-06-23 04:33:34_
--------
*abe8704055c898e1800b9cbd26cfbca9*
`登陆天数: 31天 / 669天
等级: 130
石头: 4085
呼符: 310
体力: 29.323333333333338 / 138
友情点: 0 / 402115`
_2024-06-23 04:33:42_
--------
*f887e626b3abf484eaaaa076095f80ce*
`登陆天数: 31天 / 669天
等级: 130
石头: 4085
呼符: 147
体力: 29.293333333333337 / 138
友情点: 0 / 403365`
_2024-06-23 04:33:50_
--------
*cdbdeccfd01bed477123077ddc12f8f2*
`登陆天数: 31天 / 669天
等级: 130
石头: 4047
呼符: 317
体力: 29.266666666666666 / 138
友情点: 0 / 403410`
_2024-06-23 04:33:58_
--------
*9245714ae863fbe82cb107532b27f768*
`登陆天数: 31天 / 669天
等级: 130
石头: 4075
呼符: 37
体力: 29.239999999999995 / 138
友情点: 0 / 405085`
_2024-06-23 04:34:06_
--------
*beee1d42aa302d906222634efb9e84be*
`登陆天数: 31天 / 668天
等级: 130
石头: 4068
呼符: 55
体力: 29.21333333333334 / 138
友情点: 0 / 401960`
_2024-06-23 04:34:15_
--------
*642e6979c8c0c9f6e5536b5b87480a82*
`登陆天数: 31天 / 668天
等级: 130
石头: 4093
呼符: 327
体力: 29.189999999999998 / 138
友情点: 0 / 403615`
_2024-06-23 04:34:23_
--------
*6a8c03f6928c237c298152cc70fb1350*
`登陆天数: 31天 / 668天
等级: 130
石头: 4083
呼符: 306
体力: 29.163333333333327 / 138
友情点: 0 / 402760`
_2024-06-23 04:34:31_
--------
*22c1ea96d8d5b434a0b2240789fa25e6*
`登陆天数: 31天 / 668天
等级: 130
石头: 4095
呼符: 36
体力: 29.13333333333334 / 138
友情点: 0 / 402205`
_2024-06-23 04:34:39_
--------
*dc7f25cf37a3fa7d7267dd3c9609c933*
`登陆天数: 31天 / 669天
等级: 130
石头: 4081
呼符: 327
体力: 29.10666666666667 / 138
友情点: 0 / 404060`
_2024-06-23 04:34:47_
--------
*8482c7bf215281a6c01672e5819f2bbd*
`登陆天数: 31天 / 668天
等级: 130
石头: 4082
呼符: 203
体力: 29.08 / 138
友情点: 0 / 402210`
_2024-06-23 04:34:56_
--------
*8708e662a3a9bd9c776bbba7323536ad*
`登陆天数: 31天 / 669天
等级: 130
石头: 4089
呼符: 274
体力: 29.053333333333327 / 138
友情点: 0 / 402770`
_2024-06-23 04:35:04_
--------
*cf7d89915610bcd7b37ca28ab638314c*
`登陆天数: 31天 / 668天
等级: 130
石头: 4082
呼符: 207
体力: 29.02666666666667 / 138
友情点: 0 / 403075`
_2024-06-23 04:35:11_
--------
*243eb74e763a406f44558ef21d614408*
`登陆天数: 31天 / 669天
等级: 130
石头: 4117
呼符: 309
体力: 29.0 / 138
友情点: 0 / 402410`
_2024-06-23 04:35:19_
--------
*87d09c5cde6848cfc7b1a06b657d6fdb*
`登陆天数: 31天 / 669天
等级: 130
石头: 4073
呼符: 331
体力: 28.97 / 138
友情点: 0 / 402145`
_2024-06-23 04:35:27_
--------
*e9f795a47687fbd8c7e77bbda427e736*
`登陆天数: 31天 / 668天
等级: 130
石头: 4079
呼符: 153
体力: 28.943333333333328 / 138
友情点: 0 / 403170`
_2024-06-23 04:35:35_
--------
*b5664ff41e27985c0b63aa7c87ea21c7*
`登陆天数: 31天 / 669天
等级: 130
石头: 4072
呼符: 95
体力: 28.91666666666667 / 138
友情点: 0 / 405895`
_2024-06-23 04:35:43_
--------
*3da2eb4f55a8ae481d18547b498596e4*
`登陆天数: 31天 / 668天
等级: 130
石头: 4019
呼符: 194
体力: 20789.433333333334 / 138
友情点: 0 / 469105`
_2024-06-23 04:35:51_
--------
*0eee4f8037ad23499fdd97ea5cfa24c1*
`登陆天数: 31天 / 669天
等级: 130
石头: 4004
呼符: 308
体力: 20789.453333333335 / 138
友情点: 0 / 466705`
*連続ログイン3日目
※ログインが途切れるか、7日到達すると
1日目から再開されます*
`叡智の業火 X 1
6月交換券(2024) X 1
`*幕間の物語キャンペーン 第20弾 特別ログインボーナス*
*開催期間中、1日1回 最大5回 特別ログインボーナスをプレゼント！*
`叡智の業火 X 3
`_2024-06-23 04:35:59_
--------
