【登录信息】
*31ac18bfe256cc8fca8f83c12c2ca5bd*
`登陆天数: 32天 / 669天
等级: 130
石头: 4074
呼符: 231
体力: 30.156666666666666 / 138
友情点: 0 / 394880`
_2024-06-24 04:30:29_
--------
*e4265a4095a5863d590c4bb002c3b0f2*
`登陆天数: 32天 / 670天
等级: 130
石头: 4083
呼符: 37
体力: 30.123333333333335 / 138
友情点: 0 / 394430`
_2024-06-24 04:30:38_
--------
*c5099ce696cf7d31ce07216e4225b8b9*
`登陆天数: 32天 / 669天
等级: 130
石头: 4075
呼符: 327
体力: 30.096666666666664 / 138
友情点: 0 / 394155`
_2024-06-24 04:30:46_
--------
*0a2d4bd16a590a5f73bd6b95324f2853*
`登陆天数: 32天 / 669天
等级: 130
石头: 4068
呼符: 316
体力: 30.063333333333333 / 138
友情点: 0 / 395210`
_2024-06-24 04:30:54_
--------
*fec781dbff077368b5f3ecac372a969f*
`登陆天数: 32天 / 669天
等级: 130
石头: 4079
呼符: 281
体力: 30.03666666666666 / 138
友情点: 0 / 393960`
_2024-06-24 04:31:02_
--------
*cd2436e1f44a3cfe90db81460559f215*
`登陆天数: 32天 / 669天
等级: 130
石头: 4046
呼符: 215
体力: 30.00666666666666 / 138
友情点: 0 / 395110`
_2024-06-24 04:31:10_
--------
*d85bea5f2f8ea30fd0fa5a2d469c7615*
`登陆天数: 32天 / 669天
等级: 130
石头: 4084
呼符: 291
体力: 29.97333333333333 / 138
友情点: 0 / 395405`
_2024-06-24 04:31:18_
--------
*2bd899b5aa4538f5b8d1b4e14844171f*
`登陆天数: 32天 / 670天
等级: 130
石头: 4087
呼符: 212
体力: 29.943333333333328 / 138
友情点: 0 / 395075`
_2024-06-24 04:31:27_
--------
*8afa1b3c712ffad08d577e3d71ae0cf2*
`登陆天数: 32天 / 669天
等级: 130
石头: 4071
呼符: 159
体力: 29.913333333333327 / 138
友情点: 0 / 395440`
_2024-06-24 04:31:35_
--------
*3e56c92c0f4ca08a5a9dbd5c0912c124*
`登陆天数: 32天 / 669天
等级: 130
石头: 4064
呼符: 132
体力: 29.88333333333334 / 138
友情点: 0 / 394940`
_2024-06-24 04:31:43_
--------
*d273a3cfe1a88455a3867bdd6c5411a9*
`登陆天数: 32天 / 669天
等级: 130
石头: 4082
呼符: 320
体力: 29.85333333333334 / 138
友情点: 0 / 394575`
_2024-06-24 04:31:51_
--------
*e272a18248509eefcd1580a457042733*
`登陆天数: 32天 / 669天
等级: 130
石头: 4089
呼符: 172
体力: 29.823333333333338 / 138
友情点: 0 / 396035`
_2024-06-24 04:31:59_
--------
*c0b65391642eec0fc9990770e270f1f0*
`登陆天数: 32天 / 670天
等级: 130
石头: 4085
呼符: 249
体力: 29.796666666666667 / 138
友情点: 0 / 393655`
_2024-06-24 04:32:07_
--------
*d350ee0a9f1916eecd03edce2685e4b0*
`登陆天数: 32天 / 670天
等级: 130
石头: 4073
呼符: 272
体力: 29.766666666666666 / 138
友情点: 0 / 394670`
_2024-06-24 04:32:15_
--------
*081e422d5f03c7c6f998c01d5e343c36*
`登陆天数: 32天 / 669天
等级: 130
石头: 4072
呼符: 324
体力: 29.733333333333334 / 138
友情点: 0 / 394280`
_2024-06-24 04:32:23_
--------
*ecc5cdc190238dbea1e5321fd17aaee1*
`登陆天数: 32天 / 669天
等级: 130
石头: 4093
呼符: 242
体力: 29.703333333333333 / 138
友情点: 0 / 396045`
_2024-06-24 04:32:31_
--------
*80c8573c615717cd7753380e6282d13a*
`登陆天数: 32天 / 670天
等级: 130
石头: 4092
呼符: 324
体力: 29.673333333333332 / 138
友情点: 0 / 393945`
_2024-06-24 04:32:40_
--------
*77d0601d0248e0cfbe15512b825965ae*
`登陆天数: 32天 / 670天
等级: 130
石头: 4080
呼符: 319
体力: 29.64333333333333 / 138
友情点: 0 / 394845`
_2024-06-24 04:32:48_
--------
*eead8870a8d68b26662d3bfe418e75b2*
`登陆天数: 32天 / 669天
等级: 130
石头: 4074
呼符: 317
体力: 29.61666666666666 / 138
友情点: 0 / 395155`
_2024-06-24 04:32:56_
--------
*3dc0a20b713ecaaa4d1dfdc5c71f3dc8*
`登陆天数: 32天 / 669天
等级: 130
石头: 4086
呼符: 219
体力: 29.58333333333333 / 138
友情点: 0 / 395265`
_2024-06-24 04:33:04_
--------
*3a33ee4f4a8f0d48a36c0c023d9f3a2c*
`登陆天数: 32天 / 669天
等级: 130
石头: 4084
呼符: 311
体力: 29.553333333333327 / 138
友情点: 0 / 394220`
_2024-06-24 04:33:12_
--------
*dc2eb86246737b9ce989350484834207*
`登陆天数: 32天 / 669天
等级: 130
石头: 4082
呼符: 303
体力: 29.523333333333326 / 138
友情点: 0 / 394265`
_2024-06-24 04:33:20_
--------
*040a98d92aa6cb1f5d8c23f9ba8e7a03*
`登陆天数: 32天 / 670天
等级: 130
石头: 4090
呼符: 252
体力: 29.49333333333334 / 138
友情点: 0 / 393895`
_2024-06-24 04:33:28_
--------
*902f3fb38355282eec4fb79373d7faff*
`登陆天数: 32天 / 669天
等级: 130
石头: 4085
呼符: 332
体力: 29.459999999999994 / 138
友情点: 0 / 396070`
_2024-06-24 04:33:36_
--------
*87f6d6ae6aba3c3ccc8ba9dc4816c6f9*
`登陆天数: 32天 / 670天
等级: 130
石头: 4081
呼符: 286
体力: 29.430000000000007 / 138
友情点: 0 / 397355`
_2024-06-24 04:33:44_
--------
*e9fb649878ae8dc17a58a82ea989f0aa*
`登陆天数: 32天 / 669天
等级: 130
石头: 4062
呼符: 248
体力: 29.400000000000006 / 138
友情点: 0 / 396670`
_2024-06-24 04:33:53_
--------
*2c602a9b95859be7a0437ab5f4a27466*
`登陆天数: 32天 / 670天
等级: 130
石头: 4088
呼符: 236
体力: 29.373333333333335 / 138
友情点: 0 / 398190`
_2024-06-24 04:34:00_
--------
*02b9a6fe417b5d148bf481e9cfd6ebde*
`登陆天数: 32天 / 669天
等级: 130
石头: 4073
呼符: 257
体力: 29.340000000000003 / 138
友情点: 0 / 396125`
_2024-06-24 04:34:08_
--------
*b77d30f23261ef806f674c45166f7c2a*
`登陆天数: 32天 / 669天
等级: 130
石头: 4077
呼符: 278
体力: 29.310000000000002 / 138
友情点: 0 / 397810`
_2024-06-24 04:34:16_
--------
*d880582cd1dea11e86bd931426917a24*
`登陆天数: 32天 / 669天
等级: 130
石头: 4080
呼符: 289
体力: 29.28333333333333 / 138
友情点: 0 / 396280`
_2024-06-24 04:34:24_
--------
*317c92bc9dbb488a38d66a283bb00299*
`登陆天数: 32天 / 669天
等级: 130
石头: 4050
呼符: 87
体力: 29.25333333333333 / 138
友情点: 0 / 396285`
_2024-06-24 04:34:33_
--------
*f8fd16ffaa28b7a2f282e21b1bc9f08f*
`登陆天数: 32天 / 670天
等级: 130
石头: 4090
呼符: 328
体力: 29.22333333333333 / 138
友情点: 0 / 396185`
_2024-06-24 04:34:41_
--------
*abe8704055c898e1800b9cbd26cfbca9*
`登陆天数: 32天 / 670天
等级: 130
石头: 4086
呼符: 310
体力: 29.193333333333328 / 138
友情点: 0 / 396115`
_2024-06-24 04:34:48_
--------
*f887e626b3abf484eaaaa076095f80ce*
`登陆天数: 32天 / 670天
等级: 130
石头: 4086
呼符: 147
体力: 29.16666666666667 / 138
友情点: 0 / 397365`
_2024-06-24 04:34:57_
--------
*cdbdeccfd01bed477123077ddc12f8f2*
`登陆天数: 32天 / 670天
等级: 130
石头: 4048
呼符: 317
体力: 29.14 / 138
友情点: 0 / 397410`
_2024-06-24 04:35:05_
--------
*9245714ae863fbe82cb107532b27f768*
`登陆天数: 32天 / 670天
等级: 130
石头: 4076
呼符: 37
体力: 29.11 / 138
友情点: 0 / 399085`
_2024-06-24 04:35:13_
--------
*beee1d42aa302d906222634efb9e84be*
`登陆天数: 32天 / 669天
等级: 130
石头: 4069
呼符: 55
体力: 29.08 / 138
友情点: 0 / 395960`
_2024-06-24 04:35:21_
--------
*642e6979c8c0c9f6e5536b5b87480a82*
`登陆天数: 32天 / 669天
等级: 130
石头: 4094
呼符: 327
体力: 29.049999999999997 / 138
友情点: 0 / 397615`
_2024-06-24 04:35:29_
--------
*6a8c03f6928c237c298152cc70fb1350*
`登陆天数: 32天 / 669天
等级: 130
石头: 4084
呼符: 306
体力: 29.023333333333326 / 138
友情点: 0 / 396760`
_2024-06-24 04:35:38_
--------
*22c1ea96d8d5b434a0b2240789fa25e6*
`登陆天数: 32天 / 669天
等级: 130
石头: 4096
呼符: 36
体力: 28.99666666666667 / 138
友情点: 0 / 396205`
_2024-06-24 04:35:46_
--------
*dc7f25cf37a3fa7d7267dd3c9609c933*
`登陆天数: 32天 / 670天
等级: 130
石头: 4082
呼符: 327
体力: 28.96666666666667 / 138
友情点: 0 / 398060`
_2024-06-24 04:35:54_
--------
*8482c7bf215281a6c01672e5819f2bbd*
`登陆天数: 32天 / 669天
等级: 130
石头: 4083
呼符: 203
体力: 28.936666666666667 / 138
友情点: 0 / 396210`
_2024-06-24 04:36:02_
--------
*8708e662a3a9bd9c776bbba7323536ad*
`登陆天数: 32天 / 670天
等级: 130
石头: 4090
呼符: 274
体力: 28.906666666666666 / 138
友情点: 0 / 396770`
_2024-06-24 04:36:10_
--------
*cf7d89915610bcd7b37ca28ab638314c*
`登陆天数: 32天 / 669天
等级: 130
石头: 4083
呼符: 207
体力: 28.876666666666665 / 138
友情点: 0 / 397075`
_2024-06-24 04:36:18_
--------
*243eb74e763a406f44558ef21d614408*
`登陆天数: 32天 / 670天
等级: 130
石头: 4118
呼符: 309
体力: 28.849999999999994 / 138
友情点: 0 / 396410`
_2024-06-24 04:36:26_
--------
*87d09c5cde6848cfc7b1a06b657d6fdb*
`登陆天数: 32天 / 670天
等级: 130
石头: 4074
呼符: 331
体力: 28.823333333333338 / 138
友情点: 0 / 396145`
_2024-06-24 04:36:34_
--------
*e9f795a47687fbd8c7e77bbda427e736*
`登陆天数: 32天 / 669天
等级: 130
石头: 4080
呼符: 153
体力: 28.793333333333337 / 138
友情点: 0 / 397170`
_2024-06-24 04:36:42_
--------
*b5664ff41e27985c0b63aa7c87ea21c7*
`登陆天数: 32天 / 670天
等级: 130
石头: 4073
呼符: 95
体力: 28.766666666666666 / 138
友情点: 0 / 399895`
_2024-06-24 04:36:51_
--------
*3da2eb4f55a8ae481d18547b498596e4*
`登陆天数: 32天 / 669天
等级: 130
石头: 4019
呼符: 194
体力: 21077.66 / 138
友情点: 0 / 469105`
_2024-06-24 04:36:59_
--------
*0eee4f8037ad23499fdd97ea5cfa24c1*
`登陆天数: 32天 / 670天
等级: 130
石头: 4004
呼符: 308
体力: 21077.683333333334 / 138
友情点: 0 / 466705`
*連続ログイン4日目
※ログインが途切れるか、7日到達すると
1日目から再開されます*
`聖晶石 X 1
6月交換券(2024) X 1
`*幕間の物語キャンペーン 第20弾 特別ログインボーナス*
*開催期間中、1日1回 最大5回 特別ログインボーナスをプレゼント！*
`叡智の業火 X 3
`_2024-06-24 04:37:07_
--------
