【登录信息】
*31ac18bfe256cc8fca8f83c12c2ca5bd*
`登陆天数: 33天 / 670天
等级: 130
石头: 4074
呼符: 232
体力: 30.086666666666673 / 138
友情点: 0 / 388880`
_2024-06-25 04:30:31_
--------
*e4265a4095a5863d590c4bb002c3b0f2*
`登陆天数: 33天 / 671天
等级: 130
石头: 4083
呼符: 38
体力: 30.053333333333327 / 138
友情点: 0 / 390430`
_2024-06-25 04:30:39_
--------
*c5099ce696cf7d31ce07216e4225b8b9*
`登陆天数: 33天 / 670天
等级: 130
石头: 4075
呼符: 328
体力: 30.02666666666667 / 138
友情点: 0 / 388155`
_2024-06-25 04:30:47_
--------
*0a2d4bd16a590a5f73bd6b95324f2853*
`登陆天数: 33天 / 670天
等级: 130
石头: 4068
呼符: 317
体力: 30.0 / 138
友情点: 0 / 389210`
_2024-06-25 04:30:55_
--------
*fec781dbff077368b5f3ecac372a969f*
`登陆天数: 33天 / 670天
等级: 130
石头: 4079
呼符: 282
体力: 29.97 / 138
友情点: 0 / 387960`
_2024-06-25 04:31:02_
--------
*cd2436e1f44a3cfe90db81460559f215*
`登陆天数: 33天 / 670天
等级: 130
石头: 4046
呼符: 216
体力: 29.943333333333328 / 138
友情点: 0 / 389110`
_2024-06-25 04:31:10_
--------
*d85bea5f2f8ea30fd0fa5a2d469c7615*
`登陆天数: 33天 / 670天
等级: 130
石头: 4084
呼符: 292
体力: 29.913333333333327 / 138
友情点: 0 / 389405`
_2024-06-25 04:31:18_
--------
*2bd899b5aa4538f5b8d1b4e14844171f*
`登陆天数: 33天 / 671天
等级: 130
石头: 4087
呼符: 213
体力: 29.88333333333334 / 138
友情点: 0 / 389075`
_2024-06-25 04:31:26_
--------
*8afa1b3c712ffad08d577e3d71ae0cf2*
`登陆天数: 33天 / 670天
等级: 130
石头: 4071
呼符: 160
体力: 29.85666666666667 / 138
友情点: 0 / 389440`
_2024-06-25 04:31:33_
--------
*3e56c92c0f4ca08a5a9dbd5c0912c124*
`登陆天数: 33天 / 670天
等级: 130
石头: 4064
呼符: 133
体力: 29.83 / 138
友情点: 0 / 388940`
_2024-06-25 04:31:41_
--------
*d273a3cfe1a88455a3867bdd6c5411a9*
`登陆天数: 33天 / 670天
等级: 130
石头: 4082
呼符: 321
体力: 29.803333333333327 / 138
友情点: 0 / 388575`
_2024-06-25 04:31:49_
--------
*e272a18248509eefcd1580a457042733*
`登陆天数: 33天 / 670天
等级: 130
石头: 4089
呼符: 173
体力: 29.769999999999996 / 138
友情点: 0 / 390035`
_2024-06-25 04:31:57_
--------
*c0b65391642eec0fc9990770e270f1f0*
`登陆天数: 33天 / 671天
等级: 130
石头: 4085
呼符: 250
体力: 29.74333333333334 / 138
友情点: 0 / 387655`
_2024-06-25 04:32:04_
--------
*d350ee0a9f1916eecd03edce2685e4b0*
`登陆天数: 33天 / 671天
等级: 130
石头: 4073
呼符: 273
体力: 29.71666666666667 / 138
友情点: 0 / 388670`
_2024-06-25 04:32:12_
--------
*081e422d5f03c7c6f998c01d5e343c36*
`登陆天数: 33天 / 670天
等级: 130
石头: 4072
呼符: 325
体力: 29.683333333333337 / 138
友情点: 0 / 388280`
_2024-06-25 04:32:20_
--------
*ecc5cdc190238dbea1e5321fd17aaee1*
`登陆天数: 33天 / 670天
等级: 130
石头: 4093
呼符: 243
体力: 29.656666666666666 / 138
友情点: 0 / 390045`
_2024-06-25 04:32:27_
--------
*80c8573c615717cd7753380e6282d13a*
`登陆天数: 33天 / 671天
等级: 130
石头: 4092
呼符: 325
体力: 29.629999999999995 / 138
友情点: 0 / 387945`
_2024-06-25 04:32:36_
--------
*77d0601d0248e0cfbe15512b825965ae*
`登陆天数: 33天 / 671天
等级: 130
石头: 4080
呼符: 320
体力: 29.60333333333334 / 138
友情点: 0 / 388845`
_2024-06-25 04:32:43_
--------
*eead8870a8d68b26662d3bfe418e75b2*
`登陆天数: 33天 / 670天
等级: 130
石头: 4074
呼符: 318
体力: 29.573333333333338 / 138
友情点: 0 / 389155`
_2024-06-25 04:32:51_
--------
*3dc0a20b713ecaaa4d1dfdc5c71f3dc8*
`登陆天数: 33天 / 670天
等级: 130
石头: 4086
呼符: 220
体力: 29.546666666666667 / 138
友情点: 0 / 389265`
_2024-06-25 04:32:59_
--------
*3a33ee4f4a8f0d48a36c0c023d9f3a2c*
`登陆天数: 33天 / 670天
等级: 130
石头: 4084
呼符: 312
体力: 29.513333333333335 / 138
友情点: 0 / 388220`
_2024-06-25 04:33:07_
--------
*dc2eb86246737b9ce989350484834207*
`登陆天数: 33天 / 670天
等级: 130
石头: 4082
呼符: 304
体力: 29.489999999999995 / 138
友情点: 0 / 388265`
_2024-06-25 04:33:14_
--------
*040a98d92aa6cb1f5d8c23f9ba8e7a03*
`登陆天数: 33天 / 671天
等级: 130
石头: 4090
呼符: 253
体力: 29.456666666666663 / 138
友情点: 0 / 387895`
_2024-06-25 04:33:22_
--------
*902f3fb38355282eec4fb79373d7faff*
`登陆天数: 33天 / 670天
等级: 130
石头: 4085
呼符: 333
体力: 29.430000000000007 / 138
友情点: 0 / 390070`
_2024-06-25 04:33:30_
--------
*87f6d6ae6aba3c3ccc8ba9dc4816c6f9*
`登陆天数: 33天 / 671天
等级: 130
石头: 4081
呼符: 287
体力: 29.403333333333336 / 138
友情点: 0 / 391355`
_2024-06-25 04:33:38_
--------
*e9fb649878ae8dc17a58a82ea989f0aa*
`登陆天数: 33天 / 670天
等级: 130
石头: 4062
呼符: 249
体力: 29.376666666666665 / 138
友情点: 0 / 390670`
_2024-06-25 04:33:46_
--------
*2c602a9b95859be7a0437ab5f4a27466*
`登陆天数: 33天 / 671天
等级: 130
石头: 4088
呼符: 237
体力: 29.349999999999994 / 138
友情点: 0 / 392190`
_2024-06-25 04:33:54_
--------
*02b9a6fe417b5d148bf481e9cfd6ebde*
`登陆天数: 33天 / 670天
等级: 130
石头: 4073
呼符: 258
体力: 29.323333333333338 / 138
友情点: 0 / 390125`
_2024-06-25 04:34:01_
--------
*b77d30f23261ef806f674c45166f7c2a*
`登陆天数: 33天 / 670天
等级: 130
石头: 4077
呼符: 279
体力: 29.296666666666667 / 138
友情点: 0 / 391810`
_2024-06-25 04:34:09_
--------
*d880582cd1dea11e86bd931426917a24*
`登陆天数: 33天 / 670天
等级: 130
石头: 4080
呼符: 290
体力: 29.266666666666666 / 138
友情点: 0 / 390280`
_2024-06-25 04:34:17_
--------
*317c92bc9dbb488a38d66a283bb00299*
`登陆天数: 33天 / 670天
等级: 130
石头: 4050
呼符: 88
体力: 29.236666666666665 / 138
友情点: 0 / 390285`
_2024-06-25 04:34:24_
--------
*f8fd16ffaa28b7a2f282e21b1bc9f08f*
`登陆天数: 33天 / 671天
等级: 130
石头: 4090
呼符: 329
体力: 29.209999999999994 / 138
友情点: 0 / 390185`
_2024-06-25 04:34:32_
--------
*abe8704055c898e1800b9cbd26cfbca9*
`登陆天数: 33天 / 671天
等级: 130
石头: 4086
呼符: 311
体力: 29.183333333333337 / 138
友情点: 0 / 390115`
_2024-06-25 04:34:40_
--------
*f887e626b3abf484eaaaa076095f80ce*
`登陆天数: 33天 / 671天
等级: 130
石头: 4086
呼符: 148
体力: 29.153333333333336 / 138
友情点: 0 / 391365`
_2024-06-25 04:34:48_
--------
*cdbdeccfd01bed477123077ddc12f8f2*
`登陆天数: 33天 / 671天
等级: 130
石头: 4048
呼符: 318
体力: 29.126666666666665 / 138
友情点: 0 / 391410`
_2024-06-25 04:34:56_
--------
*9245714ae863fbe82cb107532b27f768*
`登陆天数: 33天 / 671天
等级: 130
石头: 4076
呼符: 38
体力: 29.099999999999994 / 138
友情点: 0 / 393085`
_2024-06-25 04:35:03_
--------
*beee1d42aa302d906222634efb9e84be*
`登陆天数: 33天 / 670天
等级: 130
石头: 4069
呼符: 56
体力: 29.066666666666663 / 138
友情点: 0 / 389960`
_2024-06-25 04:35:11_
--------
*642e6979c8c0c9f6e5536b5b87480a82*
`登陆天数: 33天 / 670天
等级: 130
石头: 4094
呼符: 328
体力: 29.040000000000006 / 138
友情点: 0 / 391615`
_2024-06-25 04:35:19_
--------
*6a8c03f6928c237c298152cc70fb1350*
`登陆天数: 33天 / 670天
等级: 130
石头: 4084
呼符: 307
体力: 29.013333333333335 / 138
友情点: 0 / 390760`
_2024-06-25 04:35:26_
--------
*22c1ea96d8d5b434a0b2240789fa25e6*
`登陆天数: 33天 / 670天
等级: 130
石头: 4096
呼符: 37
体力: 28.983333333333334 / 138
友情点: 0 / 390205`
_2024-06-25 04:35:34_
--------
*dc7f25cf37a3fa7d7267dd3c9609c933*
`登陆天数: 33天 / 671天
等级: 130
石头: 4082
呼符: 328
体力: 28.953333333333333 / 138
友情点: 0 / 392060`
_2024-06-25 04:35:42_
--------
*8482c7bf215281a6c01672e5819f2bbd*
`登陆天数: 33天 / 670天
等级: 130
石头: 4083
呼符: 204
体力: 28.926666666666662 / 138
友情点: 0 / 390210`
_2024-06-25 04:35:49_
--------
*8708e662a3a9bd9c776bbba7323536ad*
`登陆天数: 33天 / 671天
等级: 130
石头: 4090
呼符: 275
体力: 28.903333333333336 / 138
友情点: 0 / 390770`
_2024-06-25 04:35:57_
--------
*cf7d89915610bcd7b37ca28ab638314c*
`登陆天数: 33天 / 670天
等级: 130
石头: 4083
呼符: 208
体力: 28.870000000000005 / 138
友情点: 0 / 391075`
_2024-06-25 04:36:05_
--------
*243eb74e763a406f44558ef21d614408*
`登陆天数: 33天 / 671天
等级: 130
石头: 4118
呼符: 310
体力: 28.843333333333334 / 138
友情点: 0 / 390410`
_2024-06-25 04:36:13_
--------
*87d09c5cde6848cfc7b1a06b657d6fdb*
`登陆天数: 33天 / 671天
等级: 130
石头: 4074
呼符: 332
体力: 28.819999999999993 / 138
友情点: 0 / 390145`
_2024-06-25 04:36:21_
--------
*e9f795a47687fbd8c7e77bbda427e736*
`登陆天数: 33天 / 670天
等级: 130
石头: 4080
呼符: 154
体力: 28.793333333333337 / 138
友情点: 0 / 391170`
_2024-06-25 04:36:28_
--------
*b5664ff41e27985c0b63aa7c87ea21c7*
`登陆天数: 33天 / 671天
等级: 130
石头: 4073
呼符: 96
体力: 28.760000000000005 / 138
友情点: 0 / 393895`
_2024-06-25 04:36:36_
--------
*3da2eb4f55a8ae481d18547b498596e4*
`登陆天数: 33天 / 670天
等级: 130
石头: 4019
呼符: 194
体力: 21365.606666666667 / 138
友情点: 0 / 469105`
_2024-06-25 04:36:44_
--------
*0eee4f8037ad23499fdd97ea5cfa24c1*
`登陆天数: 33天 / 671天
等级: 130
石头: 4004
呼符: 308
体力: 21365.626666666667 / 138
友情点: 0 / 466705`
*連続ログイン5日目
※ログインが途切れるか、7日到達すると
1日目から再開されます*
`叡智の業火 X 2
6月交換券(2024) X 1
`*幕間の物語キャンペーン 第20弾 特別ログインボーナス*
*開催期間中、1日1回 最大5回 特別ログインボーナスをプレゼント！*
`呼符 X 1
`_2024-06-25 04:36:51_
--------
