【登录信息】
*31ac18bfe256cc8fca8f83c12c2ca5bd*
`登陆天数: 34天 / 671天
等级: 130
石头: 4077
呼符: 232
体力: 30.176666666666662 / 138
友情点: 0 / 382880`
_2024-06-26 04:31:53_
--------
*e4265a4095a5863d590c4bb002c3b0f2*
`登陆天数: 34天 / 672天
等级: 130
石头: 4086
呼符: 38
体力: 30.14666666666666 / 138
友情点: 0 / 390430`
_2024-06-26 04:32:01_
--------
*c5099ce696cf7d31ce07216e4225b8b9*
`登陆天数: 34天 / 671天
等级: 130
石头: 4078
呼符: 328
体力: 30.11333333333333 / 138
友情点: 0 / 382155`
_2024-06-26 04:32:09_
--------
*0a2d4bd16a590a5f73bd6b95324f2853*
`登陆天数: 34天 / 671天
等级: 130
石头: 4071
呼符: 317
体力: 30.08 / 138
友情点: 0 / 383210`
_2024-06-26 04:32:17_
--------
*fec781dbff077368b5f3ecac372a969f*
`登陆天数: 34天 / 671天
等级: 130
石头: 4082
呼符: 282
体力: 30.049999999999997 / 138
友情点: 0 / 381960`
_2024-06-26 04:32:24_
--------
*cd2436e1f44a3cfe90db81460559f215*
`登陆天数: 34天 / 671天
等级: 130
石头: 4049
呼符: 216
体力: 30.019999999999996 / 138
友情点: 0 / 383110`
_2024-06-26 04:32:32_
--------
*d85bea5f2f8ea30fd0fa5a2d469c7615*
`登陆天数: 34天 / 671天
等级: 130
石头: 4087
呼符: 292
体力: 29.989999999999995 / 138
友情点: 0 / 383405`
_2024-06-26 04:32:40_
--------
*2bd899b5aa4538f5b8d1b4e14844171f*
`登陆天数: 34天 / 672天
等级: 130
石头: 4090
呼符: 213
体力: 29.959999999999994 / 138
友情点: 0 / 383075`
_2024-06-26 04:32:48_
--------
*8afa1b3c712ffad08d577e3d71ae0cf2*
`登陆天数: 34天 / 671天
等级: 130
石头: 4074
呼符: 160
体力: 29.930000000000007 / 138
友情点: 0 / 383440`
_2024-06-26 04:32:56_
--------
*3e56c92c0f4ca08a5a9dbd5c0912c124*
`登陆天数: 34天 / 671天
等级: 130
石头: 4067
呼符: 133
体力: 29.89666666666666 / 138
友情点: 0 / 382940`
_2024-06-26 04:33:04_
--------
*d273a3cfe1a88455a3867bdd6c5411a9*
`登陆天数: 34天 / 671天
等级: 130
石头: 4085
呼符: 321
体力: 29.86333333333333 / 138
友情点: 0 / 382575`
_2024-06-26 04:33:12_
--------
*e272a18248509eefcd1580a457042733*
`登陆天数: 34天 / 671天
等级: 130
石头: 4092
呼符: 173
体力: 29.83333333333333 / 138
友情点: 0 / 384035`
_2024-06-26 04:33:19_
--------
*c0b65391642eec0fc9990770e270f1f0*
`登陆天数: 34天 / 672天
等级: 130
石头: 4088
呼符: 250
体力: 29.803333333333327 / 138
友情点: 0 / 381655`
_2024-06-26 04:33:27_
--------
*d350ee0a9f1916eecd03edce2685e4b0*
`登陆天数: 34天 / 672天
等级: 130
石头: 4076
呼符: 273
体力: 29.773333333333326 / 138
友情点: 0 / 382670`
_2024-06-26 04:33:35_
--------
*081e422d5f03c7c6f998c01d5e343c36*
`登陆天数: 34天 / 671天
等级: 130
石头: 4075
呼符: 325
体力: 29.739999999999995 / 138
友情点: 0 / 382280`
_2024-06-26 04:33:43_
--------
*ecc5cdc190238dbea1e5321fd17aaee1*
`登陆天数: 34天 / 671天
等级: 130
石头: 4096
呼符: 243
体力: 29.709999999999994 / 138
友情点: 0 / 384045`
_2024-06-26 04:33:50_
--------
*80c8573c615717cd7753380e6282d13a*
`登陆天数: 34天 / 672天
等级: 130
石头: 4095
呼符: 325
体力: 29.680000000000007 / 138
友情点: 0 / 381945`
_2024-06-26 04:33:58_
--------
*77d0601d0248e0cfbe15512b825965ae*
`登陆天数: 34天 / 672天
等级: 130
石头: 4083
呼符: 320
体力: 29.64666666666666 / 138
友情点: 0 / 382845`
_2024-06-26 04:34:06_
--------
*eead8870a8d68b26662d3bfe418e75b2*
`登陆天数: 34天 / 671天
等级: 130
石头: 4077
呼符: 318
体力: 29.61333333333333 / 138
友情点: 0 / 383155`
_2024-06-26 04:34:14_
--------
*3dc0a20b713ecaaa4d1dfdc5c71f3dc8*
`登陆天数: 34天 / 671天
等级: 130
石头: 4089
呼符: 220
体力: 29.58333333333333 / 138
友情点: 0 / 383265`
_2024-06-26 04:34:21_
--------
*3a33ee4f4a8f0d48a36c0c023d9f3a2c*
`登陆天数: 34天 / 671天
等级: 130
石头: 4087
呼符: 312
体力: 29.553333333333327 / 138
友情点: 0 / 382220`
_2024-06-26 04:34:29_
--------
*dc2eb86246737b9ce989350484834207*
`登陆天数: 34天 / 671天
等级: 130
石头: 4085
呼符: 304
体力: 29.519999999999996 / 138
友情点: 0 / 382265`
_2024-06-26 04:34:37_
--------
*040a98d92aa6cb1f5d8c23f9ba8e7a03*
`登陆天数: 34天 / 672天
等级: 130
石头: 4093
呼符: 253
体力: 29.49333333333334 / 138
友情点: 0 / 381895`
_2024-06-26 04:34:45_
--------
*902f3fb38355282eec4fb79373d7faff*
`登陆天数: 34天 / 671天
等级: 130
石头: 4088
呼符: 333
体力: 29.459999999999994 / 138
友情点: 0 / 384070`
_2024-06-26 04:34:53_
--------
*87f6d6ae6aba3c3ccc8ba9dc4816c6f9*
`登陆天数: 34天 / 672天
等级: 130
石头: 4084
呼符: 287
体力: 29.430000000000007 / 138
友情点: 0 / 385355`
_2024-06-26 04:35:00_
--------
*e9fb649878ae8dc17a58a82ea989f0aa*
`登陆天数: 34天 / 671天
等级: 130
石头: 4065
呼符: 249
体力: 29.400000000000006 / 138
友情点: 0 / 384670`
_2024-06-26 04:35:08_
--------
*2c602a9b95859be7a0437ab5f4a27466*
`登陆天数: 34天 / 672天
等级: 130
石头: 4091
呼符: 237
体力: 29.370000000000005 / 138
友情点: 0 / 386190`
_2024-06-26 04:35:16_
--------
*02b9a6fe417b5d148bf481e9cfd6ebde*
`登陆天数: 34天 / 671天
等级: 130
石头: 4076
呼符: 258
体力: 29.336666666666673 / 138
友情点: 0 / 384125`
_2024-06-26 04:35:24_
--------
*b77d30f23261ef806f674c45166f7c2a*
`登陆天数: 34天 / 671天
等级: 130
石头: 4080
呼符: 279
体力: 29.306666666666672 / 138
友情点: 0 / 385810`
_2024-06-26 04:35:31_
--------
*d880582cd1dea11e86bd931426917a24*
`登陆天数: 34天 / 671天
等级: 130
石头: 4083
呼符: 290
体力: 29.27666666666667 / 138
友情点: 0 / 384280`
_2024-06-26 04:35:39_
--------
*317c92bc9dbb488a38d66a283bb00299*
`登陆天数: 34天 / 671天
等级: 130
石头: 4053
呼符: 88
体力: 29.24333333333334 / 138
友情点: 0 / 384285`
_2024-06-26 04:35:47_
--------
*f8fd16ffaa28b7a2f282e21b1bc9f08f*
`登陆天数: 34天 / 672天
等级: 130
石头: 4093
呼符: 329
体力: 29.21333333333334 / 138
友情点: 0 / 384185`
_2024-06-26 04:35:55_
--------
*abe8704055c898e1800b9cbd26cfbca9*
`登陆天数: 34天 / 672天
等级: 130
石头: 4089
呼符: 311
体力: 29.183333333333337 / 138
友情点: 0 / 384115`
_2024-06-26 04:36:02_
--------
*f887e626b3abf484eaaaa076095f80ce*
`登陆天数: 34天 / 672天
等级: 130
石头: 4089
呼符: 148
体力: 29.153333333333336 / 138
友情点: 0 / 385365`
_2024-06-26 04:36:10_
--------
*cdbdeccfd01bed477123077ddc12f8f2*
`登陆天数: 34天 / 672天
等级: 130
石头: 4051
呼符: 318
体力: 29.123333333333335 / 138
友情点: 0 / 385410`
_2024-06-26 04:36:18_
--------
*9245714ae863fbe82cb107532b27f768*
`登陆天数: 34天 / 672天
等级: 130
石头: 4079
呼符: 38
体力: 29.093333333333334 / 138
友情点: 0 / 389085`
_2024-06-26 04:36:26_
--------
*beee1d42aa302d906222634efb9e84be*
`登陆天数: 34天 / 671天
等级: 130
石头: 4072
呼符: 56
体力: 29.060000000000002 / 138
友情点: 0 / 389960`
_2024-06-26 04:36:34_
--------
*642e6979c8c0c9f6e5536b5b87480a82*
`登陆天数: 34天 / 671天
等级: 130
石头: 4097
呼符: 328
体力: 29.03333333333333 / 138
友情点: 0 / 385615`
_2024-06-26 04:36:42_
--------
*6a8c03f6928c237c298152cc70fb1350*
`登陆天数: 34天 / 671天
等级: 130
石头: 4087
呼符: 307
体力: 29.0 / 138
友情点: 0 / 384760`
_2024-06-26 04:36:49_
--------
*22c1ea96d8d5b434a0b2240789fa25e6*
`登陆天数: 34天 / 671天
等级: 130
石头: 4099
呼符: 37
体力: 28.97 / 138
友情点: 0 / 386205`
_2024-06-26 04:36:57_
--------
*dc7f25cf37a3fa7d7267dd3c9609c933*
`登陆天数: 34天 / 672天
等级: 130
石头: 4085
呼符: 328
体力: 28.939999999999998 / 138
友情点: 0 / 386060`
_2024-06-26 04:37:05_
--------
*8482c7bf215281a6c01672e5819f2bbd*
`登陆天数: 34天 / 671天
等级: 130
石头: 4086
呼符: 204
体力: 28.909999999999997 / 138
友情点: 0 / 384210`
_2024-06-26 04:37:13_
--------
*8708e662a3a9bd9c776bbba7323536ad*
`登陆天数: 34天 / 672天
等级: 130
石头: 4093
呼符: 275
体力: 28.876666666666665 / 138
友情点: 0 / 384770`
_2024-06-26 04:37:21_
--------
*cf7d89915610bcd7b37ca28ab638314c*
`登陆天数: 34天 / 671天
等级: 130
石头: 4086
呼符: 208
体力: 28.846666666666664 / 138
友情点: 0 / 385075`
_2024-06-26 04:37:29_
--------
*243eb74e763a406f44558ef21d614408*
`登陆天数: 34天 / 672天
等级: 130
石头: 4121
呼符: 310
体力: 28.816666666666663 / 138
友情点: 0 / 384410`
_2024-06-26 04:37:37_
--------
*87d09c5cde6848cfc7b1a06b657d6fdb*
`登陆天数: 34天 / 672天
等级: 130
石头: 4077
呼符: 332
体力: 28.78333333333333 / 138
友情点: 0 / 384145`
_2024-06-26 04:37:45_
--------
*e9f795a47687fbd8c7e77bbda427e736*
`登陆天数: 34天 / 671天
等级: 130
石头: 4083
呼符: 154
体力: 28.75333333333333 / 138
友情点: 0 / 385170`
_2024-06-26 04:37:53_
--------
*b5664ff41e27985c0b63aa7c87ea21c7*
`登陆天数: 34天 / 672天
等级: 130
石头: 4076
呼符: 96
体力: 28.72333333333333 / 138
友情点: 0 / 387895`
_2024-06-26 04:38:01_
--------
*3da2eb4f55a8ae481d18547b498596e4*
`登陆天数: 34天 / 671天
等级: 130
石头: 4019
呼符: 194
体力: 21653.89 / 138
友情点: 0 / 469105`
_2024-06-26 04:38:09_
--------
*0eee4f8037ad23499fdd97ea5cfa24c1*
`登陆天数: 34天 / 672天
等级: 130
石头: 4004
呼符: 308
体力: 21653.913333333334 / 138
友情点: 0 / 466705`
*連続ログイン6日目
※ログインが途切れるか、7日到達すると
1日目から再開されます*
`聖晶石 X 2
6月交換券(2024) X 1
`*「踊るドラゴン・キャッスル！ ～深海の姫君とふたつの宝玉～」
開幕直前特別ログインボーナス*
*開催期間中、1日1回 最大7回 ログインボーナスをプレゼント！*
`聖晶石 X 1
`_2024-06-26 04:38:16_
--------
