【登录信息】
*31ac18bfe256cc8fca8f83c12c2ca5bd*
`登陆天数: 35天 / 672天
等级: 130
石头: 4077
呼符: 233
体力: 31.013333333333335 / 138
友情点: 0 / 376880`
_2024-06-27 04:34:44_
--------
*e4265a4095a5863d590c4bb002c3b0f2*
`登陆天数: 35天 / 673天
等级: 130
石头: 4086
呼符: 39
体力: 30.980000000000004 / 138
友情点: 0 / 390430`
_2024-06-27 04:34:51_
--------
*c5099ce696cf7d31ce07216e4225b8b9*
`登陆天数: 35天 / 672天
等级: 130
石头: 4078
呼符: 329
体力: 30.953333333333333 / 138
友情点: 0 / 376155`
_2024-06-27 04:34:59_
--------
*0a2d4bd16a590a5f73bd6b95324f2853*
`登陆天数: 35天 / 672天
等级: 130
石头: 4071
呼符: 318
体力: 30.92 / 138
友情点: 0 / 377210`
_2024-06-27 04:35:07_
--------
*fec781dbff077368b5f3ecac372a969f*
`登陆天数: 35天 / 672天
等级: 130
石头: 4082
呼符: 283
体力: 30.88666666666667 / 138
友情点: 0 / 375960`
_2024-06-27 04:35:14_
--------
*cd2436e1f44a3cfe90db81460559f215*
`登陆天数: 35天 / 672天
等级: 130
石头: 4049
呼符: 217
体力: 30.85666666666667 / 138
友情点: 0 / 377110`
_2024-06-27 04:35:22_
--------
*d85bea5f2f8ea30fd0fa5a2d469c7615*
`登陆天数: 35天 / 672天
等级: 130
石头: 4087
呼符: 293
体力: 30.826666666666668 / 138
友情点: 0 / 377405`
_2024-06-27 04:35:30_
--------
*2bd899b5aa4538f5b8d1b4e14844171f*
`登陆天数: 35天 / 673天
等级: 130
石头: 4090
呼符: 214
体力: 30.793333333333337 / 138
友情点: 0 / 377075`
_2024-06-27 04:35:38_
--------
*8afa1b3c712ffad08d577e3d71ae0cf2*
`登陆天数: 35天 / 672天
等级: 130
石头: 4074
呼符: 161
体力: 30.763333333333335 / 138
友情点: 0 / 377440`
_2024-06-27 04:35:46_
--------
*3e56c92c0f4ca08a5a9dbd5c0912c124*
`登陆天数: 35天 / 672天
等级: 130
石头: 4067
呼符: 134
体力: 30.733333333333334 / 138
友情点: 0 / 376940`
_2024-06-27 04:35:54_
--------
*d273a3cfe1a88455a3867bdd6c5411a9*
`登陆天数: 35天 / 672天
等级: 130
石头: 4085
呼符: 322
体力: 30.703333333333333 / 138
友情点: 0 / 376575`
_2024-06-27 04:36:02_
--------
*e272a18248509eefcd1580a457042733*
`登陆天数: 35天 / 672天
等级: 130
石头: 4092
呼符: 174
体力: 30.673333333333332 / 138
友情点: 0 / 378035`
_2024-06-27 04:36:10_
--------
*c0b65391642eec0fc9990770e270f1f0*
`登陆天数: 35天 / 673天
等级: 130
石头: 4088
呼符: 251
体力: 30.64333333333333 / 138
友情点: 0 / 375655`
_2024-06-27 04:36:18_
--------
*d350ee0a9f1916eecd03edce2685e4b0*
`登陆天数: 35天 / 673天
等级: 130
石头: 4076
呼符: 274
体力: 30.61 / 138
友情点: 0 / 376670`
_2024-06-27 04:36:25_
--------
*081e422d5f03c7c6f998c01d5e343c36*
`登陆天数: 35天 / 672天
等级: 130
石头: 4075
呼符: 326
体力: 30.58 / 138
友情点: 0 / 376280`
_2024-06-27 04:36:33_
--------
*ecc5cdc190238dbea1e5321fd17aaee1*
`登陆天数: 35天 / 672天
等级: 130
石头: 4096
呼符: 244
体力: 30.553333333333327 / 138
友情点: 0 / 378045`
_2024-06-27 04:36:41_
--------
*80c8573c615717cd7753380e6282d13a*
`登陆天数: 35天 / 673天
等级: 130
石头: 4095
呼符: 326
体力: 30.519999999999996 / 138
友情点: 0 / 375945`
_2024-06-27 04:36:49_
--------
*77d0601d0248e0cfbe15512b825965ae*
`登陆天数: 35天 / 673天
等级: 130
石头: 4083
呼符: 321
体力: 30.489999999999995 / 138
友情点: 0 / 376845`
_2024-06-27 04:36:57_
--------
*eead8870a8d68b26662d3bfe418e75b2*
`登陆天数: 35天 / 672天
等级: 130
石头: 4077
呼符: 319
体力: 30.459999999999994 / 138
友情点: 0 / 377155`
_2024-06-27 04:37:04_
--------
*3dc0a20b713ecaaa4d1dfdc5c71f3dc8*
`登陆天数: 35天 / 672天
等级: 130
石头: 4089
呼符: 221
体力: 30.433333333333337 / 138
友情点: 0 / 377265`
_2024-06-27 04:37:12_
--------
*3a33ee4f4a8f0d48a36c0c023d9f3a2c*
`登陆天数: 35天 / 672天
等级: 130
石头: 4087
呼符: 313
体力: 30.403333333333336 / 138
友情点: 0 / 376220`
_2024-06-27 04:37:20_
--------
*dc2eb86246737b9ce989350484834207*
`登陆天数: 35天 / 672天
等级: 130
石头: 4085
呼符: 305
体力: 30.370000000000005 / 138
友情点: 0 / 376265`
_2024-06-27 04:37:28_
--------
*040a98d92aa6cb1f5d8c23f9ba8e7a03*
`登陆天数: 35天 / 673天
等级: 130
石头: 4093
呼符: 254
体力: 30.336666666666673 / 138
友情点: 0 / 375895`
_2024-06-27 04:37:35_
--------
*902f3fb38355282eec4fb79373d7faff*
`登陆天数: 35天 / 672天
等级: 130
石头: 4088
呼符: 334
体力: 30.310000000000002 / 138
友情点: 0 / 378070`
_2024-06-27 04:37:43_
--------
*87f6d6ae6aba3c3ccc8ba9dc4816c6f9*
`登陆天数: 35天 / 673天
等级: 130
石头: 4084
呼符: 288
体力: 30.27666666666667 / 138
友情点: 0 / 379355`
_2024-06-27 04:37:51_
--------
*e9fb649878ae8dc17a58a82ea989f0aa*
`登陆天数: 35天 / 672天
等级: 130
石头: 4065
呼符: 250
体力: 30.25 / 138
友情点: 0 / 378670`
_2024-06-27 04:37:59_
--------
*2c602a9b95859be7a0437ab5f4a27466*
`登陆天数: 35天 / 673天
等级: 130
石头: 4091
呼符: 238
体力: 30.22 / 138
友情点: 0 / 380190`
_2024-06-27 04:38:07_
--------
*02b9a6fe417b5d148bf481e9cfd6ebde*
`登陆天数: 35天 / 672天
等级: 130
石头: 4076
呼符: 259
体力: 30.189999999999998 / 138
友情点: 0 / 378125`
_2024-06-27 04:38:14_
--------
*b77d30f23261ef806f674c45166f7c2a*
`登陆天数: 35天 / 672天
等级: 130
石头: 4080
呼符: 280
体力: 30.159999999999997 / 138
友情点: 0 / 379810`
_2024-06-27 04:38:22_
--------
*d880582cd1dea11e86bd931426917a24*
`登陆天数: 35天 / 672天
等级: 130
石头: 4083
呼符: 291
体力: 30.129999999999995 / 138
友情点: 0 / 378280`
_2024-06-27 04:38:30_
--------
*317c92bc9dbb488a38d66a283bb00299*
`登陆天数: 35天 / 672天
等级: 130
石头: 4053
呼符: 89
体力: 30.10333333333334 / 138
友情点: 0 / 378285`
_2024-06-27 04:38:37_
--------
*f8fd16ffaa28b7a2f282e21b1bc9f08f*
`登陆天数: 35天 / 673天
等级: 130
石头: 4093
呼符: 330
体力: 30.069999999999993 / 138
友情点: 0 / 378185`
_2024-06-27 04:38:45_
--------
*abe8704055c898e1800b9cbd26cfbca9*
`登陆天数: 35天 / 673天
等级: 130
石头: 4089
呼符: 312
体力: 30.040000000000006 / 138
友情点: 0 / 378115`
_2024-06-27 04:38:53_
--------
*f887e626b3abf484eaaaa076095f80ce*
`登陆天数: 35天 / 673天
等级: 130
石头: 4089
呼符: 149
体力: 30.010000000000005 / 138
友情点: 0 / 381365`
_2024-06-27 04:39:00_
--------
*cdbdeccfd01bed477123077ddc12f8f2*
`登陆天数: 35天 / 673天
等级: 130
石头: 4051
呼符: 319
体力: 29.980000000000004 / 138
友情点: 0 / 379410`
_2024-06-27 04:39:08_
--------
*9245714ae863fbe82cb107532b27f768*
`登陆天数: 35天 / 673天
等级: 130
石头: 4079
呼符: 39
体力: 29.950000000000003 / 138
友情点: 0 / 389085`
_2024-06-27 04:39:16_
--------
*beee1d42aa302d906222634efb9e84be*
`登陆天数: 35天 / 672天
等级: 130
石头: 4072
呼符: 57
体力: 29.923333333333332 / 138
友情点: 0 / 389960`
_2024-06-27 04:39:24_
--------
*642e6979c8c0c9f6e5536b5b87480a82*
`登陆天数: 35天 / 672天
等级: 130
石头: 4097
呼符: 329
体力: 29.89666666666666 / 138
友情点: 0 / 379615`
_2024-06-27 04:39:32_
--------
*6a8c03f6928c237c298152cc70fb1350*
`登陆天数: 35天 / 672天
等级: 130
石头: 4087
呼符: 308
体力: 29.86666666666666 / 138
友情点: 0 / 378760`
_2024-06-27 04:39:40_
--------
*22c1ea96d8d5b434a0b2240789fa25e6*
`登陆天数: 35天 / 672天
等级: 130
石头: 4099
呼符: 38
体力: 29.836666666666673 / 138
友情点: 0 / 386205`
_2024-06-27 04:39:48_
--------
*dc7f25cf37a3fa7d7267dd3c9609c933*
`登陆天数: 35天 / 673天
等级: 130
石头: 4085
呼符: 329
体力: 29.806666666666672 / 138
友情点: 0 / 380060`
_2024-06-27 04:39:56_
--------
*8482c7bf215281a6c01672e5819f2bbd*
`登陆天数: 35天 / 672天
等级: 130
石头: 4086
呼符: 205
体力: 29.78 / 138
友情点: 0 / 378210`
_2024-06-27 04:40:03_
--------
*8708e662a3a9bd9c776bbba7323536ad*
`登陆天数: 35天 / 673天
等级: 130
石头: 4093
呼符: 276
体力: 29.75 / 138
友情点: 0 / 378770`
_2024-06-27 04:40:11_
--------
*cf7d89915610bcd7b37ca28ab638314c*
`登陆天数: 35天 / 672天
等级: 130
石头: 4086
呼符: 209
体力: 29.72 / 138
友情点: 0 / 379075`
_2024-06-27 04:40:19_
--------
*243eb74e763a406f44558ef21d614408*
`登陆天数: 35天 / 673天
等级: 130
石头: 4121
呼符: 311
体力: 29.693333333333328 / 138
友情点: 0 / 378410`
_2024-06-27 04:40:27_
--------
*87d09c5cde6848cfc7b1a06b657d6fdb*
`登陆天数: 35天 / 673天
等级: 130
石头: 4077
呼符: 333
体力: 29.656666666666666 / 138
友情点: 0 / 378145`
_2024-06-27 04:40:35_
--------
*e9f795a47687fbd8c7e77bbda427e736*
`登陆天数: 35天 / 672天
等级: 130
石头: 4083
呼符: 155
体力: 29.629999999999995 / 138
友情点: 0 / 379170`
_2024-06-27 04:40:43_
--------
*b5664ff41e27985c0b63aa7c87ea21c7*
`登陆天数: 35天 / 673天
等级: 130
石头: 4076
呼符: 97
体力: 29.599999999999994 / 138
友情点: 0 / 381895`
_2024-06-27 04:40:50_
--------
*3da2eb4f55a8ae481d18547b498596e4*
`登陆天数: 35天 / 672天
等级: 130
石头: 4019
呼符: 194
体力: 21942.453333333335 / 138
友情点: 0 / 469105`
_2024-06-27 04:40:58_
--------
*0eee4f8037ad23499fdd97ea5cfa24c1*
`登陆天数: 35天 / 673天
等级: 130
石头: 4004
呼符: 308
体力: 21942.476666666666 / 138
友情点: 0 / 466705`
*連続ログイン7日間到達おめでとうございます！
明日は1日目からリスタートされます。*
`獣の足跡 X 1
呼符 X 1
6月交換券(2024) X 1
`*螺旋証明世界 リリムハーロット ～喝采なき薔薇～ アンケート復刻版
開幕記念 ログインボーナス*
*開催期間中、1日1回 最大21回 ログインボーナスをプレゼント！*
`白銀の果実 X 1
`_2024-06-27 04:41:06_
--------
