【登录信息】
*31ac18bfe256cc8fca8f83c12c2ca5bd*
`登陆天数: 37天 / 674天
等级: 130
石头: 4097
呼符: 233
体力: 24.176666666666662 / 138
友情点: 0 / 366880`
_2024-06-29 04:00:46_
--------
*e4265a4095a5863d590c4bb002c3b0f2*
`登陆天数: 37天 / 675天
等级: 130
石头: 4106
呼符: 39
体力: 24.14666666666666 / 138
友情点: 0 / 392430`
_2024-06-29 04:00:53_
--------
*c5099ce696cf7d31ce07216e4225b8b9*
`登陆天数: 37天 / 674天
等级: 130
石头: 4098
呼符: 329
体力: 24.11666666666666 / 138
友情点: 0 / 368155`
_2024-06-29 04:01:01_
--------
*0a2d4bd16a590a5f73bd6b95324f2853*
`登陆天数: 37天 / 674天
等级: 130
石头: 4091
呼符: 318
体力: 24.086666666666673 / 138
友情点: 0 / 367210`
_2024-06-29 04:01:09_
--------
*fec781dbff077368b5f3ecac372a969f*
`登陆天数: 37天 / 674天
等级: 130
石头: 4102
呼符: 283
体力: 24.056666666666672 / 138
友情点: 0 / 365960`
_2024-06-29 04:01:17_
--------
*cd2436e1f44a3cfe90db81460559f215*
`登陆天数: 37天 / 674天
等级: 130
石头: 4069
呼符: 217
体力: 24.02666666666667 / 138
友情点: 0 / 367110`
_2024-06-29 04:01:24_
--------
*d85bea5f2f8ea30fd0fa5a2d469c7615*
`登陆天数: 37天 / 674天
等级: 130
石头: 4107
呼符: 293
体力: 23.99666666666667 / 138
友情点: 0 / 367405`
_2024-06-29 04:01:32_
--------
*2bd899b5aa4538f5b8d1b4e14844171f*
`登陆天数: 37天 / 675天
等级: 130
石头: 4110
呼符: 214
体力: 23.96333333333334 / 138
友情点: 0 / 367075`
_2024-06-29 04:01:40_
--------
*8afa1b3c712ffad08d577e3d71ae0cf2*
`登陆天数: 37天 / 674天
等级: 130
石头: 4094
呼符: 161
体力: 23.933333333333337 / 138
友情点: 0 / 371440`
_2024-06-29 04:01:48_
--------
*3e56c92c0f4ca08a5a9dbd5c0912c124*
`登陆天数: 37天 / 674天
等级: 130
石头: 4087
呼符: 134
体力: 23.903333333333336 / 138
友情点: 0 / 366940`
_2024-06-29 04:01:55_
--------
*d273a3cfe1a88455a3867bdd6c5411a9*
`登陆天数: 37天 / 674天
等级: 130
石头: 4105
呼符: 322
体力: 23.876666666666665 / 138
友情点: 0 / 366575`
_2024-06-29 04:02:03_
--------
*e272a18248509eefcd1580a457042733*
`登陆天数: 37天 / 674天
等级: 130
石头: 4112
呼符: 174
体力: 23.843333333333334 / 138
友情点: 0 / 378035`
_2024-06-29 04:02:11_
--------
*c0b65391642eec0fc9990770e270f1f0*
`登陆天数: 37天 / 675天
等级: 130
石头: 4108
呼符: 251
体力: 23.813333333333333 / 138
友情点: 0 / 365655`
_2024-06-29 04:02:18_
--------
*d350ee0a9f1916eecd03edce2685e4b0*
`登陆天数: 37天 / 675天
等级: 130
石头: 4096
呼符: 274
体力: 23.78333333333333 / 138
友情点: 0 / 366670`
_2024-06-29 04:02:26_
--------
*081e422d5f03c7c6f998c01d5e343c36*
`登陆天数: 37天 / 674天
等级: 130
石头: 4095
呼符: 326
体力: 23.75 / 138
友情点: 0 / 366280`
_2024-06-29 04:02:34_
--------
*ecc5cdc190238dbea1e5321fd17aaee1*
`登陆天数: 37天 / 674天
等级: 130
石头: 4116
呼符: 244
体力: 23.72 / 138
友情点: 0 / 368045`
_2024-06-29 04:02:42_
--------
*80c8573c615717cd7753380e6282d13a*
`登陆天数: 37天 / 675天
等级: 130
石头: 4115
呼符: 326
体力: 23.689999999999998 / 138
友情点: 0 / 365945`
_2024-06-29 04:02:50_
--------
*77d0601d0248e0cfbe15512b825965ae*
`登陆天数: 37天 / 675天
等级: 130
石头: 4103
呼符: 321
体力: 23.659999999999997 / 138
友情点: 0 / 366845`
_2024-06-29 04:02:57_
--------
*eead8870a8d68b26662d3bfe418e75b2*
`登陆天数: 37天 / 674天
等级: 130
石头: 4097
呼符: 319
体力: 23.63333333333334 / 138
友情点: 0 / 367155`
_2024-06-29 04:03:05_
--------
*3dc0a20b713ecaaa4d1dfdc5c71f3dc8*
`登陆天数: 37天 / 674天
等级: 130
石头: 4109
呼符: 221
体力: 23.599999999999994 / 138
友情点: 0 / 367265`
_2024-06-29 04:03:13_
--------
*3a33ee4f4a8f0d48a36c0c023d9f3a2c*
`登陆天数: 37天 / 674天
等级: 130
石头: 4107
呼符: 313
体力: 23.569999999999993 / 138
友情点: 0 / 366220`
_2024-06-29 04:03:21_
--------
*dc2eb86246737b9ce989350484834207*
`登陆天数: 37天 / 674天
等级: 130
石头: 4105
呼符: 305
体力: 23.543333333333337 / 138
友情点: 0 / 366265`
_2024-06-29 04:03:28_
--------
*040a98d92aa6cb1f5d8c23f9ba8e7a03*
`登陆天数: 37天 / 675天
等级: 130
石头: 4113
呼符: 254
体力: 23.513333333333335 / 138
友情点: 0 / 365895`
_2024-06-29 04:03:36_
--------
*902f3fb38355282eec4fb79373d7faff*
`登陆天数: 37天 / 674天
等级: 130
石头: 4108
呼符: 334
体力: 23.483333333333334 / 138
友情点: 0 / 368070`
_2024-06-29 04:03:44_
--------
*87f6d6ae6aba3c3ccc8ba9dc4816c6f9*
`登陆天数: 37天 / 675天
等级: 130
石头: 4104
呼符: 288
体力: 23.453333333333333 / 138
友情点: 0 / 369355`
_2024-06-29 04:03:52_
--------
*e9fb649878ae8dc17a58a82ea989f0aa*
`登陆天数: 37天 / 674天
等级: 130
石头: 4085
呼符: 250
体力: 23.426666666666662 / 138
友情点: 0 / 368670`
_2024-06-29 04:04:00_
--------
*2c602a9b95859be7a0437ab5f4a27466*
`登陆天数: 37天 / 675天
等级: 130
石头: 4111
呼符: 238
体力: 23.39666666666666 / 138
友情点: 0 / 370190`
_2024-06-29 04:04:08_
--------
*02b9a6fe417b5d148bf481e9cfd6ebde*
`登陆天数: 37天 / 674天
等级: 130
石头: 4096
呼符: 259
体力: 23.36666666666666 / 138
友情点: 0 / 370125`
_2024-06-29 04:04:15_
--------
*b77d30f23261ef806f674c45166f7c2a*
`登陆天数: 37天 / 674天
等级: 130
石头: 4100
呼符: 280
体力: 23.336666666666673 / 138
友情点: 0 / 369810`
_2024-06-29 04:04:23_
--------
*d880582cd1dea11e86bd931426917a24*
`登陆天数: 37天 / 674天
等级: 130
石头: 4103
呼符: 291
体力: 23.303333333333327 / 138
友情点: 0 / 368280`
_2024-06-29 04:04:31_
--------
*317c92bc9dbb488a38d66a283bb00299*
`登陆天数: 37天 / 674天
等级: 130
石头: 4073
呼符: 89
体力: 23.273333333333326 / 138
友情点: 0 / 372285`
_2024-06-29 04:04:39_
--------
*f8fd16ffaa28b7a2f282e21b1bc9f08f*
`登陆天数: 37天 / 675天
等级: 130
石头: 4113
呼符: 330
体力: 23.24333333333334 / 138
友情点: 0 / 368185`
_2024-06-29 04:04:46_
--------
*abe8704055c898e1800b9cbd26cfbca9*
`登陆天数: 37天 / 675天
等级: 130
石头: 4109
呼符: 312
体力: 23.21333333333334 / 138
友情点: 0 / 368115`
_2024-06-29 04:04:54_
--------
*f887e626b3abf484eaaaa076095f80ce*
`登陆天数: 37天 / 675天
等级: 130
石头: 4109
呼符: 149
体力: 23.186666666666667 / 138
友情点: 0 / 383365`
_2024-06-29 04:05:02_
--------
*cdbdeccfd01bed477123077ddc12f8f2*
`登陆天数: 37天 / 675天
等级: 130
石头: 4071
呼符: 319
体力: 23.153333333333336 / 138
友情点: 0 / 369410`
_2024-06-29 04:05:10_
--------
*9245714ae863fbe82cb107532b27f768*
`登陆天数: 37天 / 675天
等级: 130
石头: 4099
呼符: 39
体力: 23.123333333333335 / 138
友情点: 0 / 391085`
_2024-06-29 04:05:18_
--------
*beee1d42aa302d906222634efb9e84be*
`登陆天数: 37天 / 674天
等级: 130
石头: 4092
呼符: 57
体力: 23.093333333333334 / 138
友情点: 0 / 391960`
_2024-06-29 04:05:25_
--------
*642e6979c8c0c9f6e5536b5b87480a82*
`登陆天数: 37天 / 674天
等级: 130
石头: 4117
呼符: 329
体力: 23.063333333333333 / 138
友情点: 0 / 369615`
_2024-06-29 04:05:33_
--------
*6a8c03f6928c237c298152cc70fb1350*
`登陆天数: 37天 / 674天
等级: 130
石头: 4107
呼符: 308
体力: 23.03333333333333 / 138
友情点: 0 / 368760`
_2024-06-29 04:05:41_
--------
*22c1ea96d8d5b434a0b2240789fa25e6*
`登陆天数: 37天 / 674天
等级: 130
石头: 4119
呼符: 38
体力: 23.0 / 138
友情点: 0 / 388205`
_2024-06-29 04:05:48_
--------
*dc7f25cf37a3fa7d7267dd3c9609c933*
`登陆天数: 37天 / 675天
等级: 130
石头: 4105
呼符: 329
体力: 22.97333333333333 / 138
友情点: 0 / 372060`
_2024-06-29 04:05:57_
--------
*8482c7bf215281a6c01672e5819f2bbd*
`登陆天数: 37天 / 674天
等级: 130
石头: 4106
呼符: 205
体力: 22.950000000000003 / 138
友情点: 0 / 372210`
_2024-06-29 04:06:04_
--------
*8708e662a3a9bd9c776bbba7323536ad*
`登陆天数: 37天 / 675天
等级: 130
石头: 4113
呼符: 276
体力: 22.926666666666662 / 138
友情点: 0 / 370770`
_2024-06-29 04:06:12_
--------
*cf7d89915610bcd7b37ca28ab638314c*
`登陆天数: 37天 / 674天
等级: 130
石头: 4106
呼符: 209
体力: 22.906666666666666 / 138
友情点: 0 / 369075`
_2024-06-29 04:06:20_
--------
*243eb74e763a406f44558ef21d614408*
`登陆天数: 37天 / 675天
等级: 130
石头: 4141
呼符: 311
体力: 22.876666666666665 / 138
友情点: 0 / 368410`
_2024-06-29 04:06:27_
--------
*87d09c5cde6848cfc7b1a06b657d6fdb*
`登陆天数: 37天 / 675天
等级: 130
石头: 4097
呼符: 333
体力: 22.849999999999994 / 138
友情点: 0 / 368145`
_2024-06-29 04:06:35_
--------
*e9f795a47687fbd8c7e77bbda427e736*
`登陆天数: 37天 / 674天
等级: 130
石头: 4103
呼符: 155
体力: 22.816666666666663 / 138
友情点: 0 / 379170`
_2024-06-29 04:06:43_
--------
*b5664ff41e27985c0b63aa7c87ea21c7*
`登陆天数: 37天 / 675天
等级: 130
石头: 4096
呼符: 97
体力: 22.790000000000006 / 138
友情点: 0 / 373895`
_2024-06-29 04:06:51_
--------
*3da2eb4f55a8ae481d18547b498596e4*
`登陆天数: 37天 / 674天
等级: 130
石头: 4019
呼符: 194
体力: 22511.656666666666 / 138
友情点: 0 / 469105`
_2024-06-29 04:06:59_
--------
*0eee4f8037ad23499fdd97ea5cfa24c1*
`登陆天数: 1天 / 674天
等级: 130
石头: 4004
呼符: 308
体力: 22511.68 / 138
友情点: 0 / 466705`
*連続ログイン1日目
※ログインが途切れるか、7日到達すると
1日目から再開されます*
`フレンドポイント X 2000
6月交換券(2024) X 1
`*FGO カルデア放送局 ライト版 FGO Fes. 2024＆ゲーム最新情報 放送記念 初回ログインボーナス*
*開催期間中、初回ログインで「聖晶石×14」をプレゼント！*
`聖晶石 X 14
`_2024-06-29 04:07:06_
--------
